#
# There is insufficient memory for the Java Runtime Environment to continue.
# Native memory allocation (malloc) failed to allocate 1871248 bytes for Chunk::new
# Possible reasons:
#   The system is out of physical RAM or swap space
#   The process is running with CompressedOops enabled, and the Java Heap may be blocking the growth of the native heap
# Possible solutions:
#   Reduce memory load on the system
#   Increase physical memory or swap space
#   Check if swap backing store is full
#   Decrease Java heap size (-Xmx/-Xms)
#   Decrease number of Java threads
#   Decrease Java thread stack sizes (-Xss)
#   Set larger code cache with -XX:ReservedCodeCacheSize=
#   JVM is running with Unscaled Compressed Oops mode in which the Java heap is
#     placed in the first 4GB address space. The Java Heap base address is the
#     maximum limit for the native heap growth. Please use -XX:HeapBaseMinAddress
#     to set the Java Heap base and to place the Java Heap above 4GB virtual address.
# This output file may be truncated or incomplete.
#
#  Out of Memory Error (arena.cpp:189), pid=8676, tid=8444
#
# JRE version: OpenJDK Runtime Environment Temurin-17.0.1+12 (17.0.1+12) (build 17.0.1+12)
# Java VM: OpenJDK 64-Bit Server VM Temurin-17.0.1+12 (17.0.1+12, mixed mode, tiered, compressed oops, compressed class ptrs, g1 gc, windows-amd64)
# No core dump will be written. Minidumps are not enabled by default on client versions of Windows
#

---------------  S U M M A R Y ------------

Command Line: -Dfile.encoding=UTF-8 -XX:+ShowCodeDetailsInExceptionMessages com.example.AirlineManagementSystem.AirlineManagementSystemApplication

Host: Intel(R) Xeon(R) Gold 6248R CPU @ 3.00GHz, 4 cores, 7G,  Windows 10 , 64 bit Build 19041 (10.0.19041.4957)
Time: Fri Nov 15 10:24:17 2024 India Standard Time elapsed time: 8.905179 seconds (0d 0h 0m 8s)

---------------  T H R E A D  ---------------

Current thread (0x000001b030500c10):  JavaThread "C2 CompilerThread1" daemon [_thread_in_native, id=8444, stack(0x00000070eda00000,0x00000070edb00000)]


Current CompileTask:
C2:   8905 4213   !   4       org.springframework.util.ReflectionUtils::doWithMethods (186 bytes)

Stack: [0x00000070eda00000,0x00000070edb00000]
Native frames: (J=compiled Java code, j=interpreted, Vv=VM code, C=native code)
V  [jvm.dll+0x6744da]
V  [jvm.dll+0x82e144]
V  [jvm.dll+0x82f8ee]
V  [jvm.dll+0x82ff53]
V  [jvm.dll+0x245175]
V  [jvm.dll+0xab85b]
V  [jvm.dll+0xabdec]
V  [jvm.dll+0x362f07]
V  [jvm.dll+0x32d4c1]
V  [jvm.dll+0x32c96a]
V  [jvm.dll+0x218031]
V  [jvm.dll+0x217451]
V  [jvm.dll+0x1a355d]
V  [jvm.dll+0x226e38]
V  [jvm.dll+0x224f7c]
V  [jvm.dll+0x7e3f5b]
V  [jvm.dll+0x7de51a]
V  [jvm.dll+0x673305]
C  [ucrtbase.dll+0x21bb2]
C  [KERNEL32.DLL+0x17374]
C  [ntdll.dll+0x4cc91]


---------------  P R O C E S S  ---------------

Threads class SMR info:
_java_thread_list=0x000001b02f95c570, length=23, elements={
0x000001b014a47340, 0x000001b02e1b7250, 0x000001b02e1b81d0, 0x000001b02e1cfb70,
0x000001b02e1d0520, 0x000001b02e1d12a0, 0x000001b02ec1f510, 0x000001b02ec284e0,
0x000001b02ec292a0, 0x000001b02ec42810, 0x000001b02ed8e9d0, 0x000001b02ed93ed0,
0x000001b02fb7bcb0, 0x000001b02fb7d5a0, 0x000001b02ee5d0e0, 0x000001b0322b2070,
0x000001b02fcd6df0, 0x000001b02fcd72c0, 0x000001b030500c10, 0x000001b02fcd7790,
0x000001b02fcd5f80, 0x000001b030328120, 0x000001b03032b610
}

Java Threads: ( => current thread )
  0x000001b014a47340 JavaThread "main" [_thread_blocked, id=7928, stack(0x00000070ebd00000,0x00000070ebe00000)]
  0x000001b02e1b7250 JavaThread "Reference Handler" daemon [_thread_blocked, id=576, stack(0x00000070ec400000,0x00000070ec500000)]
  0x000001b02e1b81d0 JavaThread "Finalizer" daemon [_thread_blocked, id=10976, stack(0x00000070ec500000,0x00000070ec600000)]
  0x000001b02e1cfb70 JavaThread "Signal Dispatcher" daemon [_thread_blocked, id=8396, stack(0x00000070ec600000,0x00000070ec700000)]
  0x000001b02e1d0520 JavaThread "Attach Listener" daemon [_thread_blocked, id=5472, stack(0x00000070ec700000,0x00000070ec800000)]
  0x000001b02e1d12a0 JavaThread "Service Thread" daemon [_thread_blocked, id=9168, stack(0x00000070ec800000,0x00000070ec900000)]
  0x000001b02ec1f510 JavaThread "Monitor Deflation Thread" daemon [_thread_blocked, id=7772, stack(0x00000070ec900000,0x00000070eca00000)]
  0x000001b02ec284e0 JavaThread "C2 CompilerThread0" daemon [_thread_in_native, id=11164, stack(0x00000070eca00000,0x00000070ecb00000)]
  0x000001b02ec292a0 JavaThread "C1 CompilerThread0" daemon [_thread_blocked, id=12100, stack(0x00000070ecb00000,0x00000070ecc00000)]
  0x000001b02ec42810 JavaThread "Sweeper thread" daemon [_thread_blocked, id=13380, stack(0x00000070ecc00000,0x00000070ecd00000)]
  0x000001b02ed8e9d0 JavaThread "Notification Thread" daemon [_thread_blocked, id=1712, stack(0x00000070ecd00000,0x00000070ece00000)]
  0x000001b02ed93ed0 JavaThread "Common-Cleaner" daemon [_thread_blocked, id=7628, stack(0x00000070ecf00000,0x00000070ed000000)]
  0x000001b02fb7bcb0 JavaThread "Thread-0" [_thread_blocked, id=5032, stack(0x00000070ed400000,0x00000070ed500000)]
  0x000001b02fb7d5a0 JavaThread "restartedMain" [_thread_in_native, id=13316, stack(0x00000070ed500000,0x00000070ed600000)]
  0x000001b02ee5d0e0 JavaThread "H2 File Lock Watchdog C:/Users/2731750/test5.lock.db" daemon [_thread_blocked, id=3280, stack(0x00000070ed000000,0x00000070ed100000)]
  0x000001b0322b2070 JavaThread "H2 TCP Server (tcp://10.59.255.22:53164)" daemon [_thread_in_native, id=4532, stack(0x00000070ed700000,0x00000070ed800000)]
  0x000001b02fcd6df0 JavaThread "MVStore background writer C:/Users/2731750/test5.mv.db" daemon [_thread_blocked, id=9940, stack(0x00000070ed800000,0x00000070ed900000)]
  0x000001b02fcd72c0 JavaThread "HikariPool-1 housekeeper" daemon [_thread_blocked, id=7900, stack(0x00000070ed900000,0x00000070eda00000)]
=>0x000001b030500c10 JavaThread "C2 CompilerThread1" daemon [_thread_in_native, id=8444, stack(0x00000070eda00000,0x00000070edb00000)]
  0x000001b02fcd7790 JavaThread "HikariPool-1 connection adder" daemon [_thread_blocked, id=12784, stack(0x00000070edb00000,0x00000070edc00000)]
  0x000001b02fcd5f80 JavaThread "Catalina-utility-1" [_thread_blocked, id=13404, stack(0x00000070edc00000,0x00000070edd00000)]
  0x000001b030328120 JavaThread "Catalina-utility-2" [_thread_blocked, id=14152, stack(0x00000070edd00000,0x00000070ede00000)]
  0x000001b03032b610 JavaThread "container-0" [_thread_blocked, id=3528, stack(0x00000070ede00000,0x00000070edf00000)]

Other Threads:
  0x000001b02e1b52e0 VMThread "VM Thread" [stack: 0x00000070ec300000,0x00000070ec400000] [id=14124]
  0x000001b012777280 WatcherThread [stack: 0x00000070ece00000,0x00000070ecf00000] [id=10428]
  0x000001b014a84a20 GCTaskThread "GC Thread#0" [stack: 0x00000070ebe00000,0x00000070ebf00000] [id=5452]
  0x000001b02f48ae60 GCTaskThread "GC Thread#1" [stack: 0x00000070ed100000,0x00000070ed200000] [id=9080]
  0x000001b02f424dd0 GCTaskThread "GC Thread#2" [stack: 0x00000070ed200000,0x00000070ed300000] [id=14012]
  0x000001b02fa7e5a0 GCTaskThread "GC Thread#3" [stack: 0x00000070ed300000,0x00000070ed400000] [id=8256]
  0x000001b014a95960 ConcurrentGCThread "G1 Main Marker" [stack: 0x00000070ebf00000,0x00000070ec000000] [id=10404]
  0x000001b014a96370 ConcurrentGCThread "G1 Conc#0" [stack: 0x00000070ec000000,0x00000070ec100000] [id=14288]
  0x000001b014af3e30 ConcurrentGCThread "G1 Refine#0" [stack: 0x00000070ec100000,0x00000070ec200000] [id=9008]
  0x000001b014af4850 ConcurrentGCThread "G1 Service" [stack: 0x00000070ec200000,0x00000070ec300000] [id=12400]

Threads with active compile tasks:
C2 CompilerThread0     8924 4227       4       org.springframework.core.annotation.TypeMappedAnnotations$MergedAnnotationFinder::doWithAnnotations (75 bytes)
C2 CompilerThread1     8924 4213   !   4       org.springframework.util.ReflectionUtils::doWithMethods (186 bytes)

VM state: not at safepoint (normal execution)

VM Mutex/Monitor currently owned by a thread: None

Heap address: 0x0000000080000000, size: 2048 MB, Compressed Oops mode: 32-bit

CDS archive(s) not mapped
Compressed class space mapped at: 0x0000000100000000-0x0000000140000000, reserved size: 1073741824
Narrow klass base: 0x0000000000000000, Narrow klass shift: 3, Narrow klass range: 0x140000000

GC Precious Log:
 CPUs: 4 total, 4 available
 Memory: 8191M
 Large Page Support: Disabled
 NUMA Support: Disabled
 Compressed Oops: Enabled (32-bit)
 Heap Region Size: 1M
 Heap Min Capacity: 8M
 Heap Initial Capacity: 128M
 Heap Max Capacity: 2G
 Pre-touch: Disabled
 Parallel Workers: 4
 Concurrent Workers: 1
 Concurrent Refinement Workers: 4
 Periodic GC: Disabled

Heap:
 garbage-first heap   total 195584K, used 70384K [0x0000000080000000, 0x0000000100000000)
  region size 1024K, 55 young (56320K), 1 survivors (1024K)
 Metaspace       used 45933K, committed 46336K, reserved 1089536K
  class space    used 5364K, committed 5568K, reserved 1048576K

Heap Regions: E=young(eden), S=young(survivor), O=old, HS=humongous(starts), HC=humongous(continues), CS=collection set, F=free, OA=open archive, CA=closed archive, TAMS=top-at-mark-start (previous, next)
|   0|0x0000000080000000, 0x0000000080100000, 0x0000000080100000|100%|HS|  |TAMS 0x0000000080100000, 0x0000000080000000| Complete 
|   1|0x0000000080100000, 0x0000000080200000, 0x0000000080200000|100%| O|  |TAMS 0x0000000080200000, 0x0000000080100000| Untracked 
|   2|0x0000000080200000, 0x0000000080300000, 0x0000000080300000|100%| O|  |TAMS 0x0000000080200000, 0x0000000080200000| Untracked 
|   3|0x0000000080300000, 0x0000000080400000, 0x0000000080400000|100%| O|  |TAMS 0x0000000080400000, 0x0000000080300000| Untracked 
|   4|0x0000000080400000, 0x0000000080500000, 0x0000000080500000|100%| O|  |TAMS 0x0000000080500000, 0x0000000080400000| Untracked 
|   5|0x0000000080500000, 0x00000000805ec600, 0x0000000080600000| 92%| O|  |TAMS 0x00000000805ec600, 0x0000000080500000| Untracked 
|   6|0x0000000080600000, 0x0000000080700000, 0x0000000080700000|100%| O|  |TAMS 0x0000000080700000, 0x0000000080600000| Untracked 
|   7|0x0000000080700000, 0x0000000080800000, 0x0000000080800000|100%| O|  |TAMS 0x0000000080800000, 0x0000000080700000| Untracked 
|   8|0x0000000080800000, 0x0000000080900000, 0x0000000080900000|100%| O|  |TAMS 0x0000000080900000, 0x0000000080800000| Untracked 
|   9|0x0000000080900000, 0x0000000080a00000, 0x0000000080a00000|100%| O|  |TAMS 0x0000000080a00000, 0x0000000080900000| Untracked 
|  10|0x0000000080a00000, 0x0000000080b00000, 0x0000000080b00000|100%| O|  |TAMS 0x0000000080a00000, 0x0000000080a00000| Untracked 
|  11|0x0000000080b00000, 0x0000000080c00000, 0x0000000080c00000|100%| O|  |TAMS 0x0000000080b00000, 0x0000000080b00000| Untracked 
|  12|0x0000000080c00000, 0x0000000080c00000, 0x0000000080d00000|  0%| F|  |TAMS 0x0000000080c00000, 0x0000000080c00000| Untracked 
|  13|0x0000000080d00000, 0x0000000080e00000, 0x0000000080e00000|100%| O|  |TAMS 0x0000000080e00000, 0x0000000080d00000| Untracked 
|  14|0x0000000080e00000, 0x0000000080e00000, 0x0000000080f00000|  0%| F|  |TAMS 0x0000000080e00000, 0x0000000080e00000| Untracked 
|  15|0x0000000080f00000, 0x0000000080f00000, 0x0000000081000000|  0%| F|  |TAMS 0x0000000080f00000, 0x0000000080f00000| Untracked 
|  16|0x0000000081000000, 0x0000000081000000, 0x0000000081100000|  0%| F|  |TAMS 0x0000000081000000, 0x0000000081000000| Untracked 
|  17|0x0000000081100000, 0x0000000081200000, 0x0000000081200000|100%| O|  |TAMS 0x0000000081100000, 0x0000000081100000| Untracked 
|  18|0x0000000081200000, 0x0000000081300000, 0x0000000081300000|100%| O|  |TAMS 0x0000000081200000, 0x0000000081200000| Untracked 
|  19|0x0000000081300000, 0x0000000081400000, 0x0000000081400000|100%| O|  |TAMS 0x0000000081300000, 0x0000000081300000| Untracked 
|  20|0x0000000081400000, 0x00000000814b1a00, 0x0000000081500000| 69%| O|  |TAMS 0x0000000081400000, 0x0000000081400000| Untracked 
|  21|0x0000000081500000, 0x0000000081500000, 0x0000000081600000|  0%| F|  |TAMS 0x0000000081500000, 0x0000000081500000| Untracked 
|  22|0x0000000081600000, 0x0000000081600000, 0x0000000081700000|  0%| F|  |TAMS 0x0000000081600000, 0x0000000081600000| Untracked 
|  23|0x0000000081700000, 0x0000000081700000, 0x0000000081800000|  0%| F|  |TAMS 0x0000000081700000, 0x0000000081700000| Untracked 
|  24|0x0000000081800000, 0x0000000081800000, 0x0000000081900000|  0%| F|  |TAMS 0x0000000081800000, 0x0000000081800000| Untracked 
|  25|0x0000000081900000, 0x0000000081900000, 0x0000000081a00000|  0%| F|  |TAMS 0x0000000081900000, 0x0000000081900000| Untracked 
|  26|0x0000000081a00000, 0x0000000081a00000, 0x0000000081b00000|  0%| F|  |TAMS 0x0000000081a00000, 0x0000000081a00000| Untracked 
|  27|0x0000000081b00000, 0x0000000081b00000, 0x0000000081c00000|  0%| F|  |TAMS 0x0000000081b00000, 0x0000000081b00000| Untracked 
|  28|0x0000000081c00000, 0x0000000081c00000, 0x0000000081d00000|  0%| F|  |TAMS 0x0000000081c00000, 0x0000000081c00000| Untracked 
|  29|0x0000000081d00000, 0x0000000081d1e1a8, 0x0000000081e00000| 11%| S|CS|TAMS 0x0000000081d00000, 0x0000000081d00000| Complete 
|  30|0x0000000081e00000, 0x0000000081e00000, 0x0000000081f00000|  0%| F|  |TAMS 0x0000000081e00000, 0x0000000081e00000| Untracked 
|  31|0x0000000081f00000, 0x0000000081f00000, 0x0000000082000000|  0%| F|  |TAMS 0x0000000081f00000, 0x0000000081f00000| Untracked 
|  32|0x0000000082000000, 0x0000000082000000, 0x0000000082100000|  0%| F|  |TAMS 0x0000000082000000, 0x0000000082000000| Untracked 
|  33|0x0000000082100000, 0x0000000082100000, 0x0000000082200000|  0%| F|  |TAMS 0x0000000082100000, 0x0000000082100000| Untracked 
|  34|0x0000000082200000, 0x0000000082200000, 0x0000000082300000|  0%| F|  |TAMS 0x0000000082200000, 0x0000000082200000| Untracked 
|  35|0x0000000082300000, 0x0000000082300000, 0x0000000082400000|  0%| F|  |TAMS 0x0000000082300000, 0x0000000082300000| Untracked 
|  36|0x0000000082400000, 0x0000000082400000, 0x0000000082500000|  0%| F|  |TAMS 0x0000000082400000, 0x0000000082400000| Untracked 
|  37|0x0000000082500000, 0x0000000082500000, 0x0000000082600000|  0%| F|  |TAMS 0x0000000082500000, 0x0000000082500000| Untracked 
|  38|0x0000000082600000, 0x0000000082600000, 0x0000000082700000|  0%| F|  |TAMS 0x0000000082600000, 0x0000000082600000| Untracked 
|  39|0x0000000082700000, 0x0000000082700000, 0x0000000082800000|  0%| F|  |TAMS 0x0000000082700000, 0x0000000082700000| Untracked 
|  40|0x0000000082800000, 0x0000000082800000, 0x0000000082900000|  0%| F|  |TAMS 0x0000000082800000, 0x0000000082800000| Untracked 
|  41|0x0000000082900000, 0x0000000082900000, 0x0000000082a00000|  0%| F|  |TAMS 0x0000000082900000, 0x0000000082900000| Untracked 
|  42|0x0000000082a00000, 0x0000000082a00000, 0x0000000082b00000|  0%| F|  |TAMS 0x0000000082a00000, 0x0000000082a00000| Untracked 
|  43|0x0000000082b00000, 0x0000000082b00000, 0x0000000082c00000|  0%| F|  |TAMS 0x0000000082b00000, 0x0000000082b00000| Untracked 
|  44|0x0000000082c00000, 0x0000000082c00000, 0x0000000082d00000|  0%| F|  |TAMS 0x0000000082c00000, 0x0000000082c00000| Untracked 
|  45|0x0000000082d00000, 0x0000000082d00000, 0x0000000082e00000|  0%| F|  |TAMS 0x0000000082d00000, 0x0000000082d00000| Untracked 
|  46|0x0000000082e00000, 0x0000000082e00000, 0x0000000082f00000|  0%| F|  |TAMS 0x0000000082e00000, 0x0000000082e00000| Untracked 
|  47|0x0000000082f00000, 0x0000000082f00000, 0x0000000083000000|  0%| F|  |TAMS 0x0000000082f00000, 0x0000000082f00000| Untracked 
|  48|0x0000000083000000, 0x0000000083000000, 0x0000000083100000|  0%| F|  |TAMS 0x0000000083000000, 0x0000000083000000| Untracked 
|  49|0x0000000083100000, 0x0000000083100000, 0x0000000083200000|  0%| F|  |TAMS 0x0000000083100000, 0x0000000083100000| Untracked 
|  50|0x0000000083200000, 0x0000000083200000, 0x0000000083300000|  0%| F|  |TAMS 0x0000000083200000, 0x0000000083200000| Untracked 
|  51|0x0000000083300000, 0x0000000083300000, 0x0000000083400000|  0%| F|  |TAMS 0x0000000083300000, 0x0000000083300000| Untracked 
|  52|0x0000000083400000, 0x0000000083400000, 0x0000000083500000|  0%| F|  |TAMS 0x0000000083400000, 0x0000000083400000| Untracked 
|  53|0x0000000083500000, 0x0000000083500000, 0x0000000083600000|  0%| F|  |TAMS 0x0000000083500000, 0x0000000083500000| Untracked 
|  54|0x0000000083600000, 0x0000000083600000, 0x0000000083700000|  0%| F|  |TAMS 0x0000000083600000, 0x0000000083600000| Untracked 
|  55|0x0000000083700000, 0x0000000083700000, 0x0000000083800000|  0%| F|  |TAMS 0x0000000083700000, 0x0000000083700000| Untracked 
|  56|0x0000000083800000, 0x0000000083800000, 0x0000000083900000|  0%| F|  |TAMS 0x0000000083800000, 0x0000000083800000| Untracked 
|  57|0x0000000083900000, 0x0000000083900000, 0x0000000083a00000|  0%| F|  |TAMS 0x0000000083900000, 0x0000000083900000| Untracked 
|  58|0x0000000083a00000, 0x0000000083a00000, 0x0000000083b00000|  0%| F|  |TAMS 0x0000000083a00000, 0x0000000083a00000| Untracked 
|  59|0x0000000083b00000, 0x0000000083b00000, 0x0000000083c00000|  0%| F|  |TAMS 0x0000000083b00000, 0x0000000083b00000| Untracked 
|  60|0x0000000083c00000, 0x0000000083c00000, 0x0000000083d00000|  0%| F|  |TAMS 0x0000000083c00000, 0x0000000083c00000| Untracked 
|  61|0x0000000083d00000, 0x0000000083d00000, 0x0000000083e00000|  0%| F|  |TAMS 0x0000000083d00000, 0x0000000083d00000| Untracked 
|  62|0x0000000083e00000, 0x0000000083e00000, 0x0000000083f00000|  0%| F|  |TAMS 0x0000000083e00000, 0x0000000083e00000| Untracked 
|  63|0x0000000083f00000, 0x0000000083f00000, 0x0000000084000000|  0%| F|  |TAMS 0x0000000083f00000, 0x0000000083f00000| Untracked 
|  64|0x0000000084000000, 0x0000000084000000, 0x0000000084100000|  0%| F|  |TAMS 0x0000000084000000, 0x0000000084000000| Untracked 
|  65|0x0000000084100000, 0x0000000084100000, 0x0000000084200000|  0%| F|  |TAMS 0x0000000084100000, 0x0000000084100000| Untracked 
|  66|0x0000000084200000, 0x0000000084200000, 0x0000000084300000|  0%| F|  |TAMS 0x0000000084200000, 0x0000000084200000| Untracked 
|  67|0x0000000084300000, 0x0000000084300000, 0x0000000084400000|  0%| F|  |TAMS 0x0000000084300000, 0x0000000084300000| Untracked 
|  68|0x0000000084400000, 0x0000000084400000, 0x0000000084500000|  0%| F|  |TAMS 0x0000000084400000, 0x0000000084400000| Untracked 
|  69|0x0000000084500000, 0x0000000084500000, 0x0000000084600000|  0%| F|  |TAMS 0x0000000084500000, 0x0000000084500000| Untracked 
|  70|0x0000000084600000, 0x0000000084600000, 0x0000000084700000|  0%| F|  |TAMS 0x0000000084600000, 0x0000000084600000| Untracked 
|  71|0x0000000084700000, 0x0000000084700000, 0x0000000084800000|  0%| F|  |TAMS 0x0000000084700000, 0x0000000084700000| Untracked 
|  72|0x0000000084800000, 0x0000000084800000, 0x0000000084900000|  0%| F|  |TAMS 0x0000000084800000, 0x0000000084800000| Untracked 
|  73|0x0000000084900000, 0x0000000084900000, 0x0000000084a00000|  0%| F|  |TAMS 0x0000000084900000, 0x0000000084900000| Untracked 
|  74|0x0000000084a00000, 0x0000000084a00000, 0x0000000084b00000|  0%| F|  |TAMS 0x0000000084a00000, 0x0000000084a00000| Untracked 
|  75|0x0000000084b00000, 0x0000000084b00000, 0x0000000084c00000|  0%| F|  |TAMS 0x0000000084b00000, 0x0000000084b00000| Untracked 
|  76|0x0000000084c00000, 0x0000000084c00000, 0x0000000084d00000|  0%| F|  |TAMS 0x0000000084c00000, 0x0000000084c00000| Untracked 
|  77|0x0000000084d00000, 0x0000000084d00000, 0x0000000084e00000|  0%| F|  |TAMS 0x0000000084d00000, 0x0000000084d00000| Untracked 
|  78|0x0000000084e00000, 0x0000000084e00000, 0x0000000084f00000|  0%| F|  |TAMS 0x0000000084e00000, 0x0000000084e00000| Untracked 
|  79|0x0000000084f00000, 0x0000000084f00000, 0x0000000085000000|  0%| F|  |TAMS 0x0000000084f00000, 0x0000000084f00000| Untracked 
|  80|0x0000000085000000, 0x0000000085000000, 0x0000000085100000|  0%| F|  |TAMS 0x0000000085000000, 0x0000000085000000| Untracked 
|  81|0x0000000085100000, 0x0000000085100000, 0x0000000085200000|  0%| F|  |TAMS 0x0000000085100000, 0x0000000085100000| Untracked 
|  82|0x0000000085200000, 0x0000000085200000, 0x0000000085300000|  0%| F|  |TAMS 0x0000000085200000, 0x0000000085200000| Untracked 
|  83|0x0000000085300000, 0x0000000085300000, 0x0000000085400000|  0%| F|  |TAMS 0x0000000085300000, 0x0000000085300000| Untracked 
|  84|0x0000000085400000, 0x0000000085400000, 0x0000000085500000|  0%| F|  |TAMS 0x0000000085400000, 0x0000000085400000| Untracked 
|  85|0x0000000085500000, 0x0000000085500000, 0x0000000085600000|  0%| F|  |TAMS 0x0000000085500000, 0x0000000085500000| Untracked 
|  86|0x0000000085600000, 0x0000000085600000, 0x0000000085700000|  0%| F|  |TAMS 0x0000000085600000, 0x0000000085600000| Untracked 
|  87|0x0000000085700000, 0x0000000085700000, 0x0000000085800000|  0%| F|  |TAMS 0x0000000085700000, 0x0000000085700000| Untracked 
|  88|0x0000000085800000, 0x0000000085800000, 0x0000000085900000|  0%| F|  |TAMS 0x0000000085800000, 0x0000000085800000| Untracked 
|  89|0x0000000085900000, 0x0000000085900000, 0x0000000085a00000|  0%| F|  |TAMS 0x0000000085900000, 0x0000000085900000| Untracked 
|  90|0x0000000085a00000, 0x0000000085a00000, 0x0000000085b00000|  0%| F|  |TAMS 0x0000000085a00000, 0x0000000085a00000| Untracked 
|  91|0x0000000085b00000, 0x0000000085b00000, 0x0000000085c00000|  0%| F|  |TAMS 0x0000000085b00000, 0x0000000085b00000| Untracked 
|  92|0x0000000085c00000, 0x0000000085c00000, 0x0000000085d00000|  0%| F|  |TAMS 0x0000000085c00000, 0x0000000085c00000| Untracked 
|  93|0x0000000085d00000, 0x0000000085d00000, 0x0000000085e00000|  0%| F|  |TAMS 0x0000000085d00000, 0x0000000085d00000| Untracked 
|  94|0x0000000085e00000, 0x0000000085e00000, 0x0000000085f00000|  0%| F|  |TAMS 0x0000000085e00000, 0x0000000085e00000| Untracked 
|  95|0x0000000085f00000, 0x0000000085f00000, 0x0000000086000000|  0%| F|  |TAMS 0x0000000085f00000, 0x0000000085f00000| Untracked 
|  96|0x0000000086000000, 0x0000000086000000, 0x0000000086100000|  0%| F|  |TAMS 0x0000000086000000, 0x0000000086000000| Untracked 
|  97|0x0000000086100000, 0x0000000086100000, 0x0000000086200000|  0%| F|  |TAMS 0x0000000086100000, 0x0000000086100000| Untracked 
|  98|0x0000000086200000, 0x0000000086200000, 0x0000000086300000|  0%| F|  |TAMS 0x0000000086200000, 0x0000000086200000| Untracked 
|  99|0x0000000086300000, 0x0000000086300000, 0x0000000086400000|  0%| F|  |TAMS 0x0000000086300000, 0x0000000086300000| Untracked 
| 100|0x0000000086400000, 0x0000000086400000, 0x0000000086500000|  0%| F|  |TAMS 0x0000000086400000, 0x0000000086400000| Untracked 
| 101|0x0000000086500000, 0x0000000086500000, 0x0000000086600000|  0%| F|  |TAMS 0x0000000086500000, 0x0000000086500000| Untracked 
| 102|0x0000000086600000, 0x0000000086600000, 0x0000000086700000|  0%| F|  |TAMS 0x0000000086600000, 0x0000000086600000| Untracked 
| 103|0x0000000086700000, 0x0000000086700000, 0x0000000086800000|  0%| F|  |TAMS 0x0000000086700000, 0x0000000086700000| Untracked 
| 104|0x0000000086800000, 0x0000000086800000, 0x0000000086900000|  0%| F|  |TAMS 0x0000000086800000, 0x0000000086800000| Untracked 
| 105|0x0000000086900000, 0x0000000086900000, 0x0000000086a00000|  0%| F|  |TAMS 0x0000000086900000, 0x0000000086900000| Untracked 
| 106|0x0000000086a00000, 0x0000000086a00000, 0x0000000086b00000|  0%| F|  |TAMS 0x0000000086a00000, 0x0000000086a00000| Untracked 
| 107|0x0000000086b00000, 0x0000000086b00000, 0x0000000086c00000|  0%| F|  |TAMS 0x0000000086b00000, 0x0000000086b00000| Untracked 
| 108|0x0000000086c00000, 0x0000000086c00000, 0x0000000086d00000|  0%| F|  |TAMS 0x0000000086c00000, 0x0000000086c00000| Untracked 
| 109|0x0000000086d00000, 0x0000000086d00000, 0x0000000086e00000|  0%| F|  |TAMS 0x0000000086d00000, 0x0000000086d00000| Untracked 
| 110|0x0000000086e00000, 0x0000000086e00000, 0x0000000086f00000|  0%| F|  |TAMS 0x0000000086e00000, 0x0000000086e00000| Untracked 
| 111|0x0000000086f00000, 0x0000000086f00000, 0x0000000087000000|  0%| F|  |TAMS 0x0000000086f00000, 0x0000000086f00000| Untracked 
| 112|0x0000000087000000, 0x0000000087000000, 0x0000000087100000|  0%| F|  |TAMS 0x0000000087000000, 0x0000000087000000| Untracked 
| 113|0x0000000087100000, 0x0000000087100000, 0x0000000087200000|  0%| F|  |TAMS 0x0000000087100000, 0x0000000087100000| Untracked 
| 114|0x0000000087200000, 0x0000000087200000, 0x0000000087300000|  0%| F|  |TAMS 0x0000000087200000, 0x0000000087200000| Untracked 
| 115|0x0000000087300000, 0x0000000087300000, 0x0000000087400000|  0%| F|  |TAMS 0x0000000087300000, 0x0000000087300000| Untracked 
| 116|0x0000000087400000, 0x0000000087400000, 0x0000000087500000|  0%| F|  |TAMS 0x0000000087400000, 0x0000000087400000| Untracked 
| 117|0x0000000087500000, 0x0000000087500000, 0x0000000087600000|  0%| F|  |TAMS 0x0000000087500000, 0x0000000087500000| Untracked 
| 118|0x0000000087600000, 0x0000000087600000, 0x0000000087700000|  0%| F|  |TAMS 0x0000000087600000, 0x0000000087600000| Untracked 
| 119|0x0000000087700000, 0x0000000087700000, 0x0000000087800000|  0%| F|  |TAMS 0x0000000087700000, 0x0000000087700000| Untracked 
| 120|0x0000000087800000, 0x0000000087800000, 0x0000000087900000|  0%| F|  |TAMS 0x0000000087800000, 0x0000000087800000| Untracked 
| 121|0x0000000087900000, 0x0000000087900000, 0x0000000087a00000|  0%| F|  |TAMS 0x0000000087900000, 0x0000000087900000| Untracked 
| 122|0x0000000087a00000, 0x0000000087a00000, 0x0000000087b00000|  0%| F|  |TAMS 0x0000000087a00000, 0x0000000087a00000| Untracked 
| 123|0x0000000087b00000, 0x0000000087b00000, 0x0000000087c00000|  0%| F|  |TAMS 0x0000000087b00000, 0x0000000087b00000| Untracked 
| 124|0x0000000087c00000, 0x0000000087c00000, 0x0000000087d00000|  0%| F|  |TAMS 0x0000000087c00000, 0x0000000087c00000| Untracked 
| 125|0x0000000087d00000, 0x0000000087d00000, 0x0000000087e00000|  0%| F|  |TAMS 0x0000000087d00000, 0x0000000087d00000| Untracked 
| 126|0x0000000087e00000, 0x0000000087e00000, 0x0000000087f00000|  0%| F|  |TAMS 0x0000000087e00000, 0x0000000087e00000| Untracked 
| 127|0x0000000087f00000, 0x0000000087f00000, 0x0000000088000000|  0%| F|  |TAMS 0x0000000087f00000, 0x0000000087f00000| Untracked 
| 128|0x0000000088000000, 0x0000000088000000, 0x0000000088100000|  0%| F|  |TAMS 0x0000000088000000, 0x0000000088000000| Untracked 
| 129|0x0000000088100000, 0x0000000088100000, 0x0000000088200000|  0%| F|  |TAMS 0x0000000088100000, 0x0000000088100000| Untracked 
| 130|0x0000000088200000, 0x0000000088200000, 0x0000000088300000|  0%| F|  |TAMS 0x0000000088200000, 0x0000000088200000| Untracked 
| 131|0x0000000088300000, 0x0000000088300000, 0x0000000088400000|  0%| F|  |TAMS 0x0000000088300000, 0x0000000088300000| Untracked 
| 132|0x0000000088400000, 0x0000000088400000, 0x0000000088500000|  0%| F|  |TAMS 0x0000000088400000, 0x0000000088400000| Untracked 
| 133|0x0000000088500000, 0x0000000088500000, 0x0000000088600000|  0%| F|  |TAMS 0x0000000088500000, 0x0000000088500000| Untracked 
| 134|0x0000000088600000, 0x0000000088600000, 0x0000000088700000|  0%| F|  |TAMS 0x0000000088600000, 0x0000000088600000| Untracked 
| 135|0x0000000088700000, 0x0000000088700000, 0x0000000088800000|  0%| F|  |TAMS 0x0000000088700000, 0x0000000088700000| Untracked 
| 136|0x0000000088800000, 0x0000000088882a68, 0x0000000088900000| 51%| E|  |TAMS 0x0000000088800000, 0x0000000088800000| Complete 
| 137|0x0000000088900000, 0x0000000088a00000, 0x0000000088a00000|100%| E|CS|TAMS 0x0000000088900000, 0x0000000088900000| Complete 
| 138|0x0000000088a00000, 0x0000000088b00000, 0x0000000088b00000|100%| E|CS|TAMS 0x0000000088a00000, 0x0000000088a00000| Complete 
| 139|0x0000000088b00000, 0x0000000088c00000, 0x0000000088c00000|100%| E|CS|TAMS 0x0000000088b00000, 0x0000000088b00000| Complete 
| 140|0x0000000088c00000, 0x0000000088d00000, 0x0000000088d00000|100%| E|CS|TAMS 0x0000000088c00000, 0x0000000088c00000| Complete 
| 141|0x0000000088d00000, 0x0000000088e00000, 0x0000000088e00000|100%| E|CS|TAMS 0x0000000088d00000, 0x0000000088d00000| Complete 
| 142|0x0000000088e00000, 0x0000000088f00000, 0x0000000088f00000|100%| E|CS|TAMS 0x0000000088e00000, 0x0000000088e00000| Complete 
| 143|0x0000000088f00000, 0x0000000089000000, 0x0000000089000000|100%| E|CS|TAMS 0x0000000088f00000, 0x0000000088f00000| Complete 
| 144|0x0000000089000000, 0x0000000089100000, 0x0000000089100000|100%| E|CS|TAMS 0x0000000089000000, 0x0000000089000000| Complete 
| 145|0x0000000089100000, 0x0000000089200000, 0x0000000089200000|100%| E|CS|TAMS 0x0000000089100000, 0x0000000089100000| Complete 
| 146|0x0000000089200000, 0x0000000089300000, 0x0000000089300000|100%| E|CS|TAMS 0x0000000089200000, 0x0000000089200000| Complete 
| 147|0x0000000089300000, 0x0000000089400000, 0x0000000089400000|100%| E|CS|TAMS 0x0000000089300000, 0x0000000089300000| Complete 
| 148|0x0000000089400000, 0x0000000089500000, 0x0000000089500000|100%| E|CS|TAMS 0x0000000089400000, 0x0000000089400000| Complete 
| 149|0x0000000089500000, 0x0000000089600000, 0x0000000089600000|100%| E|CS|TAMS 0x0000000089500000, 0x0000000089500000| Complete 
| 150|0x0000000089600000, 0x0000000089700000, 0x0000000089700000|100%| E|CS|TAMS 0x0000000089600000, 0x0000000089600000| Complete 
| 151|0x0000000089700000, 0x0000000089800000, 0x0000000089800000|100%| E|CS|TAMS 0x0000000089700000, 0x0000000089700000| Complete 
| 152|0x0000000089800000, 0x0000000089900000, 0x0000000089900000|100%| E|CS|TAMS 0x0000000089800000, 0x0000000089800000| Complete 
| 153|0x0000000089900000, 0x0000000089a00000, 0x0000000089a00000|100%| E|CS|TAMS 0x0000000089900000, 0x0000000089900000| Complete 
| 154|0x0000000089a00000, 0x0000000089b00000, 0x0000000089b00000|100%| E|CS|TAMS 0x0000000089a00000, 0x0000000089a00000| Complete 
| 155|0x0000000089b00000, 0x0000000089c00000, 0x0000000089c00000|100%| E|CS|TAMS 0x0000000089b00000, 0x0000000089b00000| Complete 
| 156|0x0000000089c00000, 0x0000000089d00000, 0x0000000089d00000|100%| E|CS|TAMS 0x0000000089c00000, 0x0000000089c00000| Complete 
| 157|0x0000000089d00000, 0x0000000089e00000, 0x0000000089e00000|100%| E|CS|TAMS 0x0000000089d00000, 0x0000000089d00000| Complete 
| 158|0x0000000089e00000, 0x0000000089f00000, 0x0000000089f00000|100%| E|CS|TAMS 0x0000000089e00000, 0x0000000089e00000| Complete 
| 159|0x0000000089f00000, 0x000000008a000000, 0x000000008a000000|100%| E|CS|TAMS 0x0000000089f00000, 0x0000000089f00000| Complete 
| 160|0x000000008a000000, 0x000000008a100000, 0x000000008a100000|100%| E|CS|TAMS 0x000000008a000000, 0x000000008a000000| Complete 
| 161|0x000000008a100000, 0x000000008a200000, 0x000000008a200000|100%| E|CS|TAMS 0x000000008a100000, 0x000000008a100000| Complete 
| 162|0x000000008a200000, 0x000000008a300000, 0x000000008a300000|100%| E|CS|TAMS 0x000000008a200000, 0x000000008a200000| Complete 
| 163|0x000000008a300000, 0x000000008a400000, 0x000000008a400000|100%| E|CS|TAMS 0x000000008a300000, 0x000000008a300000| Complete 
| 164|0x000000008a400000, 0x000000008a500000, 0x000000008a500000|100%| E|CS|TAMS 0x000000008a400000, 0x000000008a400000| Complete 
| 165|0x000000008a500000, 0x000000008a600000, 0x000000008a600000|100%| E|CS|TAMS 0x000000008a500000, 0x000000008a500000| Complete 
| 166|0x000000008a600000, 0x000000008a700000, 0x000000008a700000|100%| E|CS|TAMS 0x000000008a600000, 0x000000008a600000| Complete 
| 167|0x000000008a700000, 0x000000008a800000, 0x000000008a800000|100%| E|CS|TAMS 0x000000008a700000, 0x000000008a700000| Complete 
| 168|0x000000008a800000, 0x000000008a900000, 0x000000008a900000|100%| E|CS|TAMS 0x000000008a800000, 0x000000008a800000| Complete 
| 169|0x000000008a900000, 0x000000008aa00000, 0x000000008aa00000|100%| E|CS|TAMS 0x000000008a900000, 0x000000008a900000| Complete 
| 170|0x000000008aa00000, 0x000000008ab00000, 0x000000008ab00000|100%| E|CS|TAMS 0x000000008aa00000, 0x000000008aa00000| Complete 
| 171|0x000000008ab00000, 0x000000008ac00000, 0x000000008ac00000|100%| E|CS|TAMS 0x000000008ab00000, 0x000000008ab00000| Complete 
| 172|0x000000008ac00000, 0x000000008ad00000, 0x000000008ad00000|100%| E|CS|TAMS 0x000000008ac00000, 0x000000008ac00000| Complete 
| 173|0x000000008ad00000, 0x000000008ae00000, 0x000000008ae00000|100%| E|CS|TAMS 0x000000008ad00000, 0x000000008ad00000| Complete 
| 174|0x000000008ae00000, 0x000000008af00000, 0x000000008af00000|100%| E|CS|TAMS 0x000000008ae00000, 0x000000008ae00000| Complete 
| 175|0x000000008af00000, 0x000000008b000000, 0x000000008b000000|100%| E|CS|TAMS 0x000000008af00000, 0x000000008af00000| Complete 
| 176|0x000000008b000000, 0x000000008b100000, 0x000000008b100000|100%| E|CS|TAMS 0x000000008b000000, 0x000000008b000000| Complete 
| 177|0x000000008b100000, 0x000000008b200000, 0x000000008b200000|100%| E|CS|TAMS 0x000000008b100000, 0x000000008b100000| Complete 
| 178|0x000000008b200000, 0x000000008b300000, 0x000000008b300000|100%| E|CS|TAMS 0x000000008b200000, 0x000000008b200000| Complete 
| 179|0x000000008b300000, 0x000000008b400000, 0x000000008b400000|100%| E|CS|TAMS 0x000000008b300000, 0x000000008b300000| Complete 
| 180|0x000000008b400000, 0x000000008b500000, 0x000000008b500000|100%| E|CS|TAMS 0x000000008b400000, 0x000000008b400000| Complete 
| 181|0x000000008b500000, 0x000000008b600000, 0x000000008b600000|100%| E|CS|TAMS 0x000000008b500000, 0x000000008b500000| Complete 
| 182|0x000000008b600000, 0x000000008b700000, 0x000000008b700000|100%| E|CS|TAMS 0x000000008b600000, 0x000000008b600000| Complete 
| 183|0x000000008b700000, 0x000000008b800000, 0x000000008b800000|100%| E|CS|TAMS 0x000000008b700000, 0x000000008b700000| Complete 
| 184|0x000000008b800000, 0x000000008b900000, 0x000000008b900000|100%| E|CS|TAMS 0x000000008b800000, 0x000000008b800000| Complete 
| 185|0x000000008b900000, 0x000000008ba00000, 0x000000008ba00000|100%| E|CS|TAMS 0x000000008b900000, 0x000000008b900000| Complete 
| 186|0x000000008ba00000, 0x000000008bb00000, 0x000000008bb00000|100%| E|CS|TAMS 0x000000008ba00000, 0x000000008ba00000| Complete 
| 187|0x000000008bb00000, 0x000000008bc00000, 0x000000008bc00000|100%| E|CS|TAMS 0x000000008bb00000, 0x000000008bb00000| Complete 
| 188|0x000000008bc00000, 0x000000008bd00000, 0x000000008bd00000|100%| E|CS|TAMS 0x000000008bc00000, 0x000000008bc00000| Complete 
| 189|0x000000008bd00000, 0x000000008be00000, 0x000000008be00000|100%| E|  |TAMS 0x000000008bd00000, 0x000000008bd00000| Complete 
| 190|0x000000008be00000, 0x000000008bf00000, 0x000000008bf00000|100%| E|CS|TAMS 0x000000008be00000, 0x000000008be00000| Complete 

Card table byte_map: [0x000001b0274d0000,0x000001b0278d0000] _byte_map_base: 0x000001b0270d0000

Marking Bits (Prev, Next): (CMBitMap*) 0x000001b014a85030, (CMBitMap*) 0x000001b014a85070
 Prev Bits: [0x000001b027cd0000, 0x000001b029cd0000)
 Next Bits: [0x000001b029cd0000, 0x000001b02bcd0000)

Polling page: 0x000001b012980000

Metaspace:

Usage:
  Non-class:     39.82 MB used.
      Class:      5.25 MB used.
       Both:     45.08 MB used.

Virtual space:
  Non-class space:       48.00 MB reserved,      40.06 MB ( 83%) committed,  6 nodes.
      Class space:        1.00 GB reserved,       5.44 MB ( <1%) committed,  1 nodes.
             Both:        1.05 GB reserved,      45.50 MB (  4%) committed. 

Chunk freelists:
   Non-Class:  3.84 MB
       Class:  2.38 MB
        Both:  6.22 MB

MaxMetaspaceSize: unlimited
CompressedClassSpaceSize: 1.00 GB
Initial GC threshold: 21.00 MB
Current GC threshold: 59.06 MB
CDS: off
MetaspaceReclaimPolicy: balanced
 - commit_granule_bytes: 65536.
 - commit_granule_words: 8192.
 - virtual_space_node_default_size: 1048576.
 - enlarge_chunks_in_place: 1.
 - new_chunks_are_fully_committed: 0.
 - uncommit_free_chunks: 1.
 - use_allocation_guard: 0.
 - handle_deallocations: 1.


Internal statistics:

num_allocs_failed_limit: 6.
num_arena_births: 562.
num_arena_deaths: 0.
num_vsnodes_births: 7.
num_vsnodes_deaths: 0.
num_space_committed: 728.
num_space_uncommitted: 0.
num_chunks_returned_to_freelist: 6.
num_chunks_taken_from_freelist: 1910.
num_chunk_merges: 6.
num_chunk_splits: 1326.
num_chunks_enlarged: 994.
num_purges: 0.
num_inconsistent_stats: 0.

CodeHeap 'non-profiled nmethods': size=120000Kb used=2642Kb max_used=2642Kb free=117357Kb
 bounds [0x000001b01fba0000, 0x000001b01fe40000, 0x000001b0270d0000]
CodeHeap 'profiled nmethods': size=120000Kb used=9330Kb max_used=9330Kb free=110669Kb
 bounds [0x000001b018670000, 0x000001b018f90000, 0x000001b01fba0000]
CodeHeap 'non-nmethods': size=5760Kb used=1259Kb max_used=1320Kb free=4500Kb
 bounds [0x000001b0180d0000, 0x000001b018340000, 0x000001b018670000]
 total_blobs=4860 nmethods=4297 adapters=475
 compilation: enabled
              stopped_count=0, restarted_count=0
 full_count=0

Compilation events (20 events):
Event: 8.853 Thread 0x000001b02ec292a0 4300       1       org.springframework.web.context.support.ServletContextAwareProcessor::getServletConfig (5 bytes)
Event: 8.853 Thread 0x000001b02ec292a0 nmethod 4300 0x000001b01fe26e10 code [0x000001b01fe26fa0, 0x000001b01fe27078]
Event: 8.853 Thread 0x000001b02ec292a0 4301       3       org.springframework.core.MethodClassKey::equals (51 bytes)
Event: 8.854 Thread 0x000001b02ec292a0 nmethod 4301 0x000001b018f71210 code [0x000001b018f713e0, 0x000001b018f71858]
Event: 8.854 Thread 0x000001b02ec292a0 4302       3       java.util.ArrayList::<init> (63 bytes)
Event: 8.854 Thread 0x000001b02ec292a0 nmethod 4302 0x000001b018f71990 code [0x000001b018f71b80, 0x000001b018f720f8]
Event: 8.855 Thread 0x000001b02ec292a0 4303       3       java.util.Properties::keySet (12 bytes)
Event: 8.855 Thread 0x000001b02ec292a0 nmethod 4303 0x000001b018f72290 code [0x000001b018f72480, 0x000001b018f72ab8]
Event: 8.865 Thread 0x000001b02ec292a0 4304       3       java.net.URLStreamHandler::parseURL (1201 bytes)
Event: 8.880 Thread 0x000001b02ec292a0 nmethod 4304 0x000001b018f72d10 code [0x000001b018f73e40, 0x000001b018f7e3e8]
Event: 8.880 Thread 0x000001b02ec292a0 4305   !   3       jdk.proxy2.$Proxy39::annotationType (29 bytes)
Event: 8.880 Thread 0x000001b02ec292a0 nmethod 4305 0x000001b018f82310 code [0x000001b018f824e0, 0x000001b018f828b8]
Event: 8.880 Thread 0x000001b02ec292a0 4306       3       org.springframework.core.annotation.AnnotationsScanner::isIgnorable (10 bytes)
Event: 8.880 Thread 0x000001b02ec292a0 nmethod 4306 0x000001b018f82a90 code [0x000001b018f82c60, 0x000001b018f82f58]
Event: 8.880 Thread 0x000001b02ec292a0 4307       3       java.lang.invoke.MemberName::asConstructor (58 bytes)
Event: 8.881 Thread 0x000001b02ec292a0 nmethod 4307 0x000001b018f83090 code [0x000001b018f832a0, 0x000001b018f838a8]
Event: 8.891 Thread 0x000001b02ec284e0 nmethod 4211 0x000001b01fe27110 code [0x000001b01fe27860, 0x000001b01fe2e160]
Event: 8.891 Thread 0x000001b02ec284e0 4288       4       org.springframework.beans.factory.support.AbstractBeanFactory::getMergedLocalBeanDefinition (38 bytes)
Event: 8.894 Thread 0x000001b02ec292a0 4308   !   3       java.net.URL::<init> (543 bytes)
Event: 8.897 Thread 0x000001b02ec292a0 nmethod 4308 0x000001b018f83b10 code [0x000001b018f84180, 0x000001b018f87a48]

GC Heap History (20 events):
Event: 1.759 GC heap before
{Heap before GC invocations=8 (full 0):
 garbage-first heap   total 48128K, used 33672K [0x0000000080000000, 0x0000000100000000)
  region size 1024K, 24 young (24576K), 1 survivors (1024K)
 Metaspace       used 25977K, committed 26304K, reserved 1073152K
  class space    used 2915K, committed 3072K, reserved 1048576K
}
Event: 1.760 GC heap after
{Heap after GC invocations=9 (full 0):
 garbage-first heap   total 48128K, used 11110K [0x0000000080000000, 0x0000000100000000)
  region size 1024K, 1 young (1024K), 1 survivors (1024K)
 Metaspace       used 25977K, committed 26304K, reserved 1073152K
  class space    used 2915K, committed 3072K, reserved 1048576K
}
Event: 1.765 GC heap before
{Heap before GC invocations=9 (full 0):
 garbage-first heap   total 48128K, used 34662K [0x0000000080000000, 0x0000000100000000)
  region size 1024K, 25 young (25600K), 1 survivors (1024K)
 Metaspace       used 25977K, committed 26304K, reserved 1073152K
  class space    used 2915K, committed 3072K, reserved 1048576K
}
Event: 1.766 GC heap after
{Heap after GC invocations=10 (full 0):
 garbage-first heap   total 48128K, used 11138K [0x0000000080000000, 0x0000000100000000)
  region size 1024K, 1 young (1024K), 1 survivors (1024K)
 Metaspace       used 25977K, committed 26304K, reserved 1073152K
  class space    used 2915K, committed 3072K, reserved 1048576K
}
Event: 1.770 GC heap before
{Heap before GC invocations=10 (full 0):
 garbage-first heap   total 48128K, used 35714K [0x0000000080000000, 0x0000000100000000)
  region size 1024K, 26 young (26624K), 1 survivors (1024K)
 Metaspace       used 25977K, committed 26304K, reserved 1073152K
  class space    used 2915K, committed 3072K, reserved 1048576K
}
Event: 1.771 GC heap after
{Heap after GC invocations=11 (full 0):
 garbage-first heap   total 48128K, used 11131K [0x0000000080000000, 0x0000000100000000)
  region size 1024K, 1 young (1024K), 1 survivors (1024K)
 Metaspace       used 25977K, committed 26304K, reserved 1073152K
  class space    used 2915K, committed 3072K, reserved 1048576K
}
Event: 1.776 GC heap before
{Heap before GC invocations=11 (full 0):
 garbage-first heap   total 48128K, used 36731K [0x0000000080000000, 0x0000000100000000)
  region size 1024K, 27 young (27648K), 1 survivors (1024K)
 Metaspace       used 25977K, committed 26304K, reserved 1073152K
  class space    used 2915K, committed 3072K, reserved 1048576K
}
Event: 1.778 GC heap after
{Heap after GC invocations=12 (full 0):
 garbage-first heap   total 101376K, used 11147K [0x0000000080000000, 0x0000000100000000)
  region size 1024K, 1 young (1024K), 1 survivors (1024K)
 Metaspace       used 25977K, committed 26304K, reserved 1073152K
  class space    used 2915K, committed 3072K, reserved 1048576K
}
Event: 2.760 GC heap before
{Heap before GC invocations=12 (full 0):
 garbage-first heap   total 101376K, used 69515K [0x0000000080000000, 0x0000000100000000)
  region size 1024K, 59 young (60416K), 1 survivors (1024K)
 Metaspace       used 29890K, committed 30144K, reserved 1081344K
  class space    used 3357K, committed 3456K, reserved 1048576K
}
Event: 2.764 GC heap after
{Heap after GC invocations=13 (full 0):
 garbage-first heap   total 101376K, used 13844K [0x0000000080000000, 0x0000000100000000)
  region size 1024K, 3 young (3072K), 3 survivors (3072K)
 Metaspace       used 29890K, committed 30144K, reserved 1081344K
  class space    used 3357K, committed 3456K, reserved 1048576K
}
Event: 3.703 GC heap before
{Heap before GC invocations=13 (full 0):
 garbage-first heap   total 101376K, used 51732K [0x0000000080000000, 0x0000000100000000)
  region size 1024K, 41 young (41984K), 3 survivors (3072K)
 Metaspace       used 35738K, committed 36096K, reserved 1081344K
  class space    used 4222K, committed 4416K, reserved 1048576K
}
Event: 3.709 GC heap after
{Heap after GC invocations=14 (full 0):
 garbage-first heap   total 101376K, used 17181K [0x0000000080000000, 0x0000000100000000)
  region size 1024K, 7 young (7168K), 7 survivors (7168K)
 Metaspace       used 35738K, committed 36096K, reserved 1081344K
  class space    used 4222K, committed 4416K, reserved 1048576K
}
Event: 3.938 GC heap before
{Heap before GC invocations=15 (full 0):
 garbage-first heap   total 65536K, used 56093K [0x0000000080000000, 0x0000000100000000)
  region size 1024K, 47 young (48128K), 7 survivors (7168K)
 Metaspace       used 37456K, committed 37760K, reserved 1089536K
  class space    used 4405K, committed 4544K, reserved 1048576K
}
Event: 3.943 GC heap after
{Heap after GC invocations=16 (full 0):
 garbage-first heap   total 67584K, used 17819K [0x0000000080000000, 0x0000000100000000)
  region size 1024K, 5 young (5120K), 5 survivors (5120K)
 Metaspace       used 37456K, committed 37760K, reserved 1089536K
  class space    used 4405K, committed 4544K, reserved 1048576K
}
Event: 3.944 GC heap before
{Heap before GC invocations=16 (full 0):
 garbage-first heap   total 67584K, used 19867K [0x0000000080000000, 0x0000000100000000)
  region size 1024K, 8 young (8192K), 5 survivors (5120K)
 Metaspace       used 37456K, committed 37760K, reserved 1089536K
  class space    used 4405K, committed 4544K, reserved 1048576K
}
Event: 3.947 GC heap after
{Heap after GC invocations=17 (full 0):
 garbage-first heap   total 67584K, used 17087K [0x0000000080000000, 0x0000000100000000)
  region size 1024K, 1 young (1024K), 1 survivors (1024K)
 Metaspace       used 37456K, committed 37760K, reserved 1089536K
  class space    used 4405K, committed 4544K, reserved 1048576K
}
Event: 3.954 GC heap before
{Heap before GC invocations=17 (full 0):
 garbage-first heap   total 67584K, used 52927K [0x0000000080000000, 0x0000000100000000)
  region size 1024K, 37 young (37888K), 1 survivors (1024K)
 Metaspace       used 37456K, committed 37760K, reserved 1089536K
  class space    used 4405K, committed 4544K, reserved 1048576K
}
Event: 3.955 GC heap after
{Heap after GC invocations=18 (full 0):
 garbage-first heap   total 67584K, used 17115K [0x0000000080000000, 0x0000000100000000)
  region size 1024K, 1 young (1024K), 1 survivors (1024K)
 Metaspace       used 37456K, committed 37760K, reserved 1089536K
  class space    used 4405K, committed 4544K, reserved 1048576K
}
Event: 3.962 GC heap before
{Heap before GC invocations=18 (full 0):
 garbage-first heap   total 67584K, used 52955K [0x0000000080000000, 0x0000000100000000)
  region size 1024K, 37 young (37888K), 1 survivors (1024K)
 Metaspace       used 37456K, committed 37760K, reserved 1089536K
  class space    used 4405K, committed 4544K, reserved 1048576K
}
Event: 3.963 GC heap after
{Heap after GC invocations=19 (full 0):
 garbage-first heap   total 195584K, used 17136K [0x0000000080000000, 0x0000000100000000)
  region size 1024K, 1 young (1024K), 1 survivors (1024K)
 Metaspace       used 37456K, committed 37760K, reserved 1089536K
  class space    used 4405K, committed 4544K, reserved 1048576K
}

Deoptimization events (20 events):
Event: 8.775 Thread 0x000001b02fb7d5a0 Uncommon trap: trap_request=0xffffff45 fr.pc=0x000001b01fddb104 relative=0x0000000000000e64
Event: 8.775 Thread 0x000001b02fb7d5a0 Uncommon trap: reason=unstable_if action=reinterpret pc=0x000001b01fddb104 method=java.util.concurrent.ConcurrentHashMap.computeIfAbsent(Ljava/lang/Object;Ljava/util/function/Function;)Ljava/lang/Object; @ 244 c2
Event: 8.775 Thread 0x000001b02fb7d5a0 DEOPT PACKING pc=0x000001b01fddb104 sp=0x00000070ed5fc7e0
Event: 8.775 Thread 0x000001b02fb7d5a0 DEOPT UNPACKING pc=0x000001b018125c23 sp=0x00000070ed5fc770 mode 2
Event: 8.844 Thread 0x000001b02fb7d5a0 Uncommon trap: trap_request=0xfffffff4 fr.pc=0x000001b01fd54af4 relative=0x0000000000000834
Event: 8.844 Thread 0x000001b02fb7d5a0 Uncommon trap: reason=null_check action=make_not_entrant pc=0x000001b01fd54af4 method=org.springframework.beans.factory.support.DefaultListableBeanFactory.getBeanDefinition(Ljava/lang/String;)Lorg/springframework/beans/factory/config/BeanDefinition; @ 10 
Event: 8.844 Thread 0x000001b02fb7d5a0 DEOPT PACKING pc=0x000001b01fd54af4 sp=0x00000070ed5fc4a0
Event: 8.844 Thread 0x000001b02fb7d5a0 DEOPT UNPACKING pc=0x000001b018125c23 sp=0x00000070ed5fc3d8 mode 2
Event: 8.852 Thread 0x000001b02fb7d5a0 Uncommon trap: trap_request=0xffffff45 fr.pc=0x000001b01fca5418 relative=0x0000000000001958
Event: 8.852 Thread 0x000001b02fb7d5a0 Uncommon trap: reason=unstable_if action=reinterpret pc=0x000001b01fca5418 method=java.net.URLStreamHandler.parseURL(Ljava/net/URL;Ljava/lang/String;II)V @ 155 c2
Event: 8.852 Thread 0x000001b02fb7d5a0 DEOPT PACKING pc=0x000001b01fca5418 sp=0x00000070ed5fc3c0
Event: 8.852 Thread 0x000001b02fb7d5a0 DEOPT UNPACKING pc=0x000001b018125c23 sp=0x00000070ed5fc370 mode 2
Event: 8.853 Thread 0x000001b02fb7d5a0 Uncommon trap: trap_request=0xffffff45 fr.pc=0x000001b01fe21e7c relative=0x00000000000007bc
Event: 8.853 Thread 0x000001b02fb7d5a0 Uncommon trap: reason=unstable_if action=reinterpret pc=0x000001b01fe21e7c method=java.lang.PublicMethods$MethodList.filter([Ljava/lang/reflect/Method;Ljava/lang/String;[Ljava/lang/Class;Z)Ljava/lang/PublicMethods$MethodList; @ 43 c2
Event: 8.853 Thread 0x000001b02fb7d5a0 DEOPT PACKING pc=0x000001b01fe21e7c sp=0x00000070ed5fd0e0
Event: 8.853 Thread 0x000001b02fb7d5a0 DEOPT UNPACKING pc=0x000001b018125c23 sp=0x00000070ed5fd0a0 mode 2
Event: 8.880 Thread 0x000001b02fb7d5a0 Uncommon trap: trap_request=0xffffff45 fr.pc=0x000001b01fde6af0 relative=0x0000000000002110
Event: 8.880 Thread 0x000001b02fb7d5a0 Uncommon trap: reason=unstable_if action=reinterpret pc=0x000001b01fde6af0 method=java.net.URL.<init>(Ljava/net/URL;Ljava/lang/String;Ljava/net/URLStreamHandler;)V @ 57 c2
Event: 8.880 Thread 0x000001b02fb7d5a0 DEOPT PACKING pc=0x000001b01fde6af0 sp=0x00000070ed5fd970
Event: 8.880 Thread 0x000001b02fb7d5a0 DEOPT UNPACKING pc=0x000001b018125c23 sp=0x00000070ed5fd930 mode 2

Classes unloaded (0 events):
No events

Classes redefined (0 events):
No events

Internal exceptions (20 events):
Event: 6.342 Thread 0x000001b02fb7d5a0 Exception <a 'java/net/SocketException'{0x000000008a1d3788}: Socket is not connected: shutdown> (0x000000008a1d3788) 
thrown [e:\jenkins\tmp\workspace\build\src\src\hotspot\share\prims\jni.cpp, line 535]
Event: 6.346 Thread 0x000001b02fb7d5a0 Exception <a 'sun/nio/fs/WindowsException'{0x000000008a1da3f8}> (0x000000008a1da3f8) 
thrown [e:\jenkins\tmp\workspace\build\src\src\hotspot\share\prims\jni.cpp, line 516]
Event: 6.346 Thread 0x000001b02fb7d5a0 Exception <a 'sun/nio/fs/WindowsException'{0x000000008a1daac8}> (0x000000008a1daac8) 
thrown [e:\jenkins\tmp\workspace\build\src\src\hotspot\share\prims\jni.cpp, line 516]
Event: 6.348 Thread 0x000001b02fb7d5a0 Exception <a 'sun/nio/fs/WindowsException'{0x000000008a1e3970}> (0x000000008a1e3970) 
thrown [e:\jenkins\tmp\workspace\build\src\src\hotspot\share\prims\jni.cpp, line 516]
Event: 8.368 Thread 0x000001b02fb7d5a0 Exception <a 'sun/nio/fs/WindowsException'{0x000000008a1f4d60}> (0x000000008a1f4d60) 
thrown [e:\jenkins\tmp\workspace\build\src\src\hotspot\share\prims\jni.cpp, line 516]
Event: 8.420 Thread 0x000001b02fb7d5a0 Exception <a 'java/lang/NoSuchMethodError'{0x0000000089ffb658}: 'void java.lang.invoke.DirectMethodHandle$Holder.invokeStaticInit(java.lang.Object, java.lang.Object, java.lang.Object, java.lang.Object, java.lang.Object)'> (0x0000000089ffb658) 
thrown [e:\jenkins\tmp\workspace\build\src\src\hotspot\share\interpreter\linkResolver.cpp, line 766]
Event: 8.621 Thread 0x000001b02fb7d5a0 Exception <a 'sun/nio/fs/WindowsException'{0x000000008969cee0}> (0x000000008969cee0) 
thrown [e:\jenkins\tmp\workspace\build\src\src\hotspot\share\prims\jni.cpp, line 516]
Event: 8.625 Thread 0x000001b02fb7d5a0 Exception <a 'sun/nio/fs/WindowsException'{0x00000000896b6de0}> (0x00000000896b6de0) 
thrown [e:\jenkins\tmp\workspace\build\src\src\hotspot\share\prims\jni.cpp, line 516]
Event: 8.628 Thread 0x000001b02fb7d5a0 Exception <a 'sun/nio/fs/WindowsException'{0x00000000896da1b8}> (0x00000000896da1b8) 
thrown [e:\jenkins\tmp\workspace\build\src\src\hotspot\share\prims\jni.cpp, line 516]
Event: 8.628 Thread 0x000001b02fb7d5a0 Exception <a 'sun/nio/fs/WindowsException'{0x00000000896da3c8}> (0x00000000896da3c8) 
thrown [e:\jenkins\tmp\workspace\build\src\src\hotspot\share\prims\jni.cpp, line 516]
Event: 8.628 Thread 0x000001b02fb7d5a0 Exception <a 'sun/nio/fs/WindowsException'{0x00000000896dbd10}> (0x00000000896dbd10) 
thrown [e:\jenkins\tmp\workspace\build\src\src\hotspot\share\prims\jni.cpp, line 516]
Event: 8.629 Thread 0x000001b02fb7d5a0 Exception <a 'sun/nio/fs/WindowsException'{0x00000000896dbf20}> (0x00000000896dbf20) 
thrown [e:\jenkins\tmp\workspace\build\src\src\hotspot\share\prims\jni.cpp, line 516]
Event: 8.630 Thread 0x000001b02fb7d5a0 Exception <a 'sun/nio/fs/WindowsException'{0x00000000896de198}> (0x00000000896de198) 
thrown [e:\jenkins\tmp\workspace\build\src\src\hotspot\share\prims\jni.cpp, line 516]
Event: 8.639 Thread 0x000001b02fb7d5a0 Exception <a 'sun/nio/fs/WindowsException'{0x0000000089413ae8}> (0x0000000089413ae8) 
thrown [e:\jenkins\tmp\workspace\build\src\src\hotspot\share\prims\jni.cpp, line 516]
Event: 8.659 Thread 0x000001b02fb7d5a0 Exception <a 'java/lang/NoSuchMethodError'{0x000000008930f1c8}: 'void java.lang.invoke.DirectMethodHandle$Holder.invokeSpecial(java.lang.Object, java.lang.Object, long)'> (0x000000008930f1c8) 
thrown [e:\jenkins\tmp\workspace\build\src\src\hotspot\share\interpreter\linkResolver.cpp, line 766]
Event: 8.673 Thread 0x000001b02fb7d5a0 Exception <a 'java/lang/NoSuchMethodError'{0x00000000892112d0}: 'java.lang.Object java.lang.invoke.DirectMethodHandle$Holder.invokeStaticInit(java.lang.Object, java.lang.Object, java.lang.Object, java.lang.Object)'> (0x00000000892112d0) 
thrown [e:\jenkins\tmp\workspace\build\src\src\hotspot\share\interpreter\linkResolver.cpp, line 766]
Event: 8.765 Thread 0x000001b02fb7d5a0 Exception <a 'java/lang/NoSuchMethodError'{0x0000000088f94b48}: 'long java.lang.invoke.DirectMethodHandle$Holder.invokeVirtual(java.lang.Object, java.lang.Object)'> (0x0000000088f94b48) 
thrown [e:\jenkins\tmp\workspace\build\src\src\hotspot\share\interpreter\linkResolver.cpp, line 766]
Event: 8.772 Thread 0x000001b02fb7d5a0 Exception <a 'java/io/FileNotFoundException'{0x0000000088fc9ac0}> (0x0000000088fc9ac0) 
thrown [e:\jenkins\tmp\workspace\build\src\src\hotspot\share\prims\jni.cpp, line 516]
Event: 8.844 Thread 0x000001b02fb7d5a0 Implicit null exception at 0x000001b01fd54877 to 0x000001b01fd54ad8
Event: 8.848 Thread 0x000001b02fb7d5a0 Exception <a 'sun/nio/fs/WindowsException'{0x0000000088bf0518}> (0x0000000088bf0518) 
thrown [e:\jenkins\tmp\workspace\build\src\src\hotspot\share\prims\jni.cpp, line 516]

VM Operations (20 events):
Event: 3.962 Executing VM operation: G1CollectForAllocation
Event: 3.963 Executing VM operation: G1CollectForAllocation done
Event: 4.046 Executing VM operation: HandshakeAllThreads
Event: 4.046 Executing VM operation: HandshakeAllThreads done
Event: 4.276 Executing VM operation: HandshakeAllThreads
Event: 4.276 Executing VM operation: HandshakeAllThreads done
Event: 5.284 Executing VM operation: Cleanup
Event: 5.284 Executing VM operation: Cleanup done
Event: 8.410 Executing VM operation: HandshakeAllThreads
Event: 8.411 Executing VM operation: HandshakeAllThreads done
Event: 8.411 Executing VM operation: Cleanup
Event: 8.411 Executing VM operation: Cleanup done
Event: 8.422 Executing VM operation: HandshakeAllThreads
Event: 8.422 Executing VM operation: HandshakeAllThreads done
Event: 8.722 Executing VM operation: HandshakeAllThreads
Event: 8.722 Executing VM operation: HandshakeAllThreads done
Event: 8.722 Executing VM operation: HandshakeAllThreads
Event: 8.722 Executing VM operation: HandshakeAllThreads done
Event: 8.777 Executing VM operation: HandshakeAllThreads
Event: 8.777 Executing VM operation: HandshakeAllThreads done

Events (20 events):
Event: 8.788 loading class java/lang/invoke/VarHandleInts$FieldStaticReadOnly
Event: 8.788 loading class java/lang/invoke/VarHandleInts$FieldStaticReadOnly done
Event: 8.788 loading class java/lang/invoke/VarHandleInts$FieldStaticReadWrite done
Event: 8.788 loading class java/util/concurrent/ForkJoinPool$DefaultForkJoinWorkerThreadFactory
Event: 8.788 loading class java/util/concurrent/ForkJoinPool$ForkJoinWorkerThreadFactory
Event: 8.788 loading class java/util/concurrent/ForkJoinPool$ForkJoinWorkerThreadFactory done
Event: 8.788 loading class java/util/concurrent/ForkJoinPool$DefaultForkJoinWorkerThreadFactory done
Event: 8.788 loading class java/util/concurrent/ForkJoinPool$1
Event: 8.788 loading class java/util/concurrent/ForkJoinPool$1 done
Event: 8.788 loading class java/util/concurrent/ForkJoinPool$DefaultCommonPoolForkJoinWorkerThreadFactory
Event: 8.788 loading class java/util/concurrent/ForkJoinPool$DefaultCommonPoolForkJoinWorkerThreadFactory done
Event: 8.788 loading class java/util/concurrent/ForkJoinPool$WorkQueue
Event: 8.788 loading class java/util/concurrent/ForkJoinPool$WorkQueue done
Event: 8.788 loading class java/util/concurrent/ForkJoinWorkerThread
Event: 8.789 loading class java/util/concurrent/ForkJoinWorkerThread done
Event: 8.791 Thread 0x000001b03032b610 Thread added: 0x000001b03032b610
Event: 8.837 loading class javax/naming/Referenceable
Event: 8.837 loading class javax/naming/Referenceable done
Event: 8.877 loading class java/lang/instrument/ClassFileTransformer
Event: 8.877 loading class java/lang/instrument/ClassFileTransformer done


Dynamic libraries:
0x00007ff637220000 - 0x00007ff63722e000 	C:\temp\eclipse-jee\plugins\org.eclipse.justj.openjdk.hotspot.jre.full.win32.x86_64_17.0.1.v20211116-1657\jre\bin\javaw.exe
0x00007ffeb6550000 - 0x00007ffeb6748000 	C:\windows\SYSTEM32\ntdll.dll
0x00007ffeb5750000 - 0x00007ffeb5812000 	C:\windows\System32\KERNEL32.DLL
0x00007ffeb4270000 - 0x00007ffeb456e000 	C:\windows\System32\KERNELBASE.dll
0x00007ffeb4170000 - 0x00007ffeb4270000 	C:\windows\System32\ucrtbase.dll
0x00007ffeae690000 - 0x00007ffeae6a8000 	C:\temp\eclipse-jee\plugins\org.eclipse.justj.openjdk.hotspot.jre.full.win32.x86_64_17.0.1.v20211116-1657\jre\bin\jli.dll
0x00007ffeb4570000 - 0x00007ffeb470d000 	C:\windows\System32\USER32.dll
0x00007ffeb3df0000 - 0x00007ffeb3e12000 	C:\windows\System32\win32u.dll
0x00007ffeb4bb0000 - 0x00007ffeb4bdb000 	C:\windows\System32\GDI32.dll
0x00007ffeb4000000 - 0x00007ffeb4117000 	C:\windows\System32\gdi32full.dll
0x00007ffeb3e20000 - 0x00007ffeb3ebd000 	C:\windows\System32\msvcp_win.dll
0x00007ffeae670000 - 0x00007ffeae689000 	C:\temp\eclipse-jee\plugins\org.eclipse.justj.openjdk.hotspot.jre.full.win32.x86_64_17.0.1.v20211116-1657\jre\bin\VCRUNTIME140.dll
0x00007ffe959f0000 - 0x00007ffe95c8a000 	C:\windows\WinSxS\amd64_microsoft.windows.common-controls_6595b64144ccf1df_6.0.19041.4355_none_60b8b9eb71f62e16\COMCTL32.dll
0x00007ffeb59c0000 - 0x00007ffeb5a5e000 	C:\windows\System32\msvcrt.dll
0x00007ffeb5a60000 - 0x00007ffeb5a8f000 	C:\windows\System32\IMM32.DLL
0x000001b0129a0000 - 0x000001b0129b4000 	C:\windows\System32\umppc18721.dll
0x00007ffeb39f0000 - 0x00007ffeb3a26000 	C:\windows\system32\vmwsci.dll
0x00007ffeb6330000 - 0x00007ffeb6338000 	C:\windows\System32\PSAPI.DLL
0x00007ffeae660000 - 0x00007ffeae66c000 	C:\temp\eclipse-jee\plugins\org.eclipse.justj.openjdk.hotspot.jre.full.win32.x86_64_17.0.1.v20211116-1657\jre\bin\vcruntime140_1.dll
0x00007ffe9bea0000 - 0x00007ffe9bf31000 	C:\temp\eclipse-jee\plugins\org.eclipse.justj.openjdk.hotspot.jre.full.win32.x86_64_17.0.1.v20211116-1657\jre\bin\msvcp140.dll
0x00007ffe6cae0000 - 0x00007ffe6d726000 	C:\temp\eclipse-jee\plugins\org.eclipse.justj.openjdk.hotspot.jre.full.win32.x86_64_17.0.1.v20211116-1657\jre\bin\server\jvm.dll
0x00007ffeb5690000 - 0x00007ffeb5742000 	C:\windows\System32\ADVAPI32.dll
0x00007ffeb55f0000 - 0x00007ffeb5690000 	C:\windows\System32\sechost.dll
0x00007ffeb5350000 - 0x00007ffeb5473000 	C:\windows\System32\RPCRT4.dll
0x00007ffeb3dc0000 - 0x00007ffeb3de7000 	C:\windows\System32\bcrypt.dll
0x00007ffea5900000 - 0x00007ffea5909000 	C:\windows\SYSTEM32\WSOCK32.dll
0x00007ffeb5820000 - 0x00007ffeb588b000 	C:\windows\System32\WS2_32.dll
0x00007ffea6630000 - 0x00007ffea6657000 	C:\windows\SYSTEM32\WINMM.dll
0x00007ffeb2960000 - 0x00007ffeb296a000 	C:\windows\SYSTEM32\VERSION.dll
0x00007ffeb2920000 - 0x00007ffeb2932000 	C:\windows\SYSTEM32\kernel.appcore.dll
0x00007ffead700000 - 0x00007ffead70a000 	C:\temp\eclipse-jee\plugins\org.eclipse.justj.openjdk.hotspot.jre.full.win32.x86_64_17.0.1.v20211116-1657\jre\bin\jimage.dll
0x00007ffeb1400000 - 0x00007ffeb15e4000 	C:\windows\SYSTEM32\DBGHELP.DLL
0x00007ffea6120000 - 0x00007ffea6154000 	C:\windows\SYSTEM32\dbgcore.DLL
0x00007ffeb3ec0000 - 0x00007ffeb3f42000 	C:\windows\System32\bcryptPrimitives.dll
0x00007ffe80170000 - 0x00007ffe80195000 	C:\temp\eclipse-jee\plugins\org.eclipse.justj.openjdk.hotspot.jre.full.win32.x86_64_17.0.1.v20211116-1657\jre\bin\java.dll
0x00007ffea1d90000 - 0x00007ffea1da8000 	C:\temp\eclipse-jee\plugins\org.eclipse.justj.openjdk.hotspot.jre.full.win32.x86_64_17.0.1.v20211116-1657\jre\bin\zip.dll
0x00007ffeb4be0000 - 0x00007ffeb534f000 	C:\windows\System32\SHELL32.dll
0x00007ffeb2170000 - 0x00007ffeb2914000 	C:\windows\SYSTEM32\windows.storage.dll
0x00007ffeb4850000 - 0x00007ffeb4ba3000 	C:\windows\System32\combase.dll
0x00007ffeb3570000 - 0x00007ffeb359e000 	C:\windows\SYSTEM32\Wldp.dll
0x00007ffeb6440000 - 0x00007ffeb650d000 	C:\windows\System32\OLEAUT32.dll
0x00007ffeb5f00000 - 0x00007ffeb5fad000 	C:\windows\System32\SHCORE.dll
0x00007ffeb6220000 - 0x00007ffeb6275000 	C:\windows\System32\shlwapi.dll
0x00007ffeb3b20000 - 0x00007ffeb3b44000 	C:\windows\SYSTEM32\profapi.dll
0x00007ffe9cab0000 - 0x00007ffe9cac9000 	C:\temp\eclipse-jee\plugins\org.eclipse.justj.openjdk.hotspot.jre.full.win32.x86_64_17.0.1.v20211116-1657\jre\bin\net.dll
0x00007ffead930000 - 0x00007ffeada3d000 	C:\windows\SYSTEM32\WINHTTP.dll
0x00007ffeb32d0000 - 0x00007ffeb333a000 	C:\windows\system32\mswsock.dll
0x00007ffe9bf40000 - 0x00007ffe9bf55000 	C:\temp\eclipse-jee\plugins\org.eclipse.justj.openjdk.hotspot.jre.full.win32.x86_64_17.0.1.v20211116-1657\jre\bin\nio.dll
0x00007ffe9b5c0000 - 0x00007ffe9b5c9000 	C:\temp\eclipse-jee\plugins\org.eclipse.justj.openjdk.hotspot.jre.full.win32.x86_64_17.0.1.v20211116-1657\jre\bin\management.dll
0x00007ffe9b520000 - 0x00007ffe9b52b000 	C:\temp\eclipse-jee\plugins\org.eclipse.justj.openjdk.hotspot.jre.full.win32.x86_64_17.0.1.v20211116-1657\jre\bin\management_ext.dll
0x00007ffe9ba20000 - 0x00007ffe9ba2e000 	C:\temp\eclipse-jee\plugins\org.eclipse.justj.openjdk.hotspot.jre.full.win32.x86_64_17.0.1.v20211116-1657\jre\bin\sunmscapi.dll
0x00007ffeb3bf0000 - 0x00007ffeb3d4c000 	C:\windows\System32\CRYPT32.dll
0x00007ffeb35e0000 - 0x00007ffeb3607000 	C:\windows\SYSTEM32\ncrypt.dll
0x00007ffeb35a0000 - 0x00007ffeb35db000 	C:\windows\SYSTEM32\NTASN1.dll
0x00007ffeb34d0000 - 0x00007ffeb34e8000 	C:\windows\SYSTEM32\CRYPTSP.dll
0x00007ffeb2bf0000 - 0x00007ffeb2c24000 	C:\windows\system32\rsaenh.dll
0x00007ffeb3ae0000 - 0x00007ffeb3b0e000 	C:\windows\SYSTEM32\USERENV.dll
0x00007ffeb34c0000 - 0x00007ffeb34cc000 	C:\windows\SYSTEM32\CRYPTBASE.dll
0x00007ffeb2fb0000 - 0x00007ffeb2feb000 	C:\windows\SYSTEM32\IPHLPAPI.DLL
0x00007ffeb59b0000 - 0x00007ffeb59b8000 	C:\windows\System32\NSI.dll
0x00007ffeaf590000 - 0x00007ffeaf5a7000 	C:\windows\SYSTEM32\dhcpcsvc6.DLL
0x00007ffeaf1b0000 - 0x00007ffeaf1cd000 	C:\windows\SYSTEM32\dhcpcsvc.DLL
0x00007ffeb2ff0000 - 0x00007ffeb30ba000 	C:\windows\SYSTEM32\DNSAPI.dll
0x00007ffea0680000 - 0x00007ffea0697000 	C:\windows\system32\napinsp.dll
0x00007ffea06a0000 - 0x00007ffea06bb000 	C:\windows\system32\pnrpnsp.dll
0x00007ffea06c0000 - 0x00007ffea06d5000 	C:\windows\system32\wshbth.dll
0x00007ffeae520000 - 0x00007ffeae53d000 	C:\windows\system32\NLAapi.dll
0x00007ffea06e0000 - 0x00007ffea06f2000 	C:\windows\System32\winrnr.dll
0x00007ffea8b80000 - 0x00007ffea8b8a000 	C:\Windows\System32\rasadhlp.dll
0x00007ffeaf9c0000 - 0x00007ffeafa40000 	C:\windows\System32\fwpuclnt.dll

dbghelp: loaded successfully - version: 4.0.5 - missing functions: none
symbol engine: initialized successfully - sym options: 0x614 - pdb path: .;C:\temp\eclipse-jee\plugins\org.eclipse.justj.openjdk.hotspot.jre.full.win32.x86_64_17.0.1.v20211116-1657\jre\bin;C:\windows\SYSTEM32;C:\windows\WinSxS\amd64_microsoft.windows.common-controls_6595b64144ccf1df_6.0.19041.4355_none_60b8b9eb71f62e16;C:\temp\eclipse-jee\plugins\org.eclipse.justj.openjdk.hotspot.jre.full.win32.x86_64_17.0.1.v20211116-1657\jre\bin\server

VM Arguments:
jvm_args: -Dfile.encoding=UTF-8 -XX:+ShowCodeDetailsInExceptionMessages 
java_command: com.example.AirlineManagementSystem.AirlineManagementSystemApplication
java_class_path (initial): C:\Users\2731750\Downloads\AirlineManagementSystem\AirlineManagementSystem\target\classes;C:\Users\2731750\.m2\repository\org\springframework\boot\spring-boot-starter-data-jpa\3.3.5\spring-boot-starter-data-jpa-3.3.5.jar;C:\Users\2731750\.m2\repository\org\springframework\boot\spring-boot-starter-aop\3.3.5\spring-boot-starter-aop-3.3.5.jar;C:\Users\2731750\.m2\repository\org\springframework\spring-aop\6.1.14\spring-aop-6.1.14.jar;C:\Users\2731750\.m2\repository\org\aspectj\aspectjweaver\1.9.22.1\aspectjweaver-1.9.22.1.jar;C:\Users\2731750\.m2\repository\org\springframework\boot\spring-boot-starter-jdbc\3.3.5\spring-boot-starter-jdbc-3.3.5.jar;C:\Users\2731750\.m2\repository\com\zaxxer\HikariCP\5.1.0\HikariCP-5.1.0.jar;C:\Users\2731750\.m2\repository\org\springframework\spring-jdbc\6.1.14\spring-jdbc-6.1.14.jar;C:\Users\2731750\.m2\repository\org\hibernate\orm\hibernate-core\6.5.3.Final\hibernate-core-6.5.3.Final.jar;C:\Users\2731750\.m2\repository\jakarta\persistence\jakarta.persistence-api\3.1.0\jakarta.persistence-api-3.1.0.jar;C:\Users\2731750\.m2\repository\jakarta\transaction\jakarta.transaction-api\2.0.1\jakarta.transaction-api-2.0.1.jar;C:\Users\2731750\.m2\repository\org\jboss\logging\jboss-logging\3.5.3.Final\jboss-logging-3.5.3.Final.jar;C:\Users\2731750\.m2\repository\org\hibernate\common\hibernate-commons-annotations\6.0.6.Final\hibernate-commons-annotations-6.0.6.Final.jar;C:\Users\2731750\.m2\repository\io\smallrye\jandex\3.1.2\jandex-3.1.2.jar;C:\Users\2731750\.m2\repository\com\fasterxml\classmate\1.7.0\classmate-1.7.0.jar;C:\Users\2731750\.m2\repository\net\bytebuddy\byte-buddy\1.14.19\byte-buddy-1.14.19.jar;C:\Users\2731750\.m2\repository\org\glassfish\jaxb\jaxb-runtime\4.0.5\jaxb-runtime-4.0.5.jar;C:\Users\2731750\.m2\repository\org\glassfish\jaxb\jaxb-core\4.0.5\jaxb-core-4.0.5.jar;C:\Users\2731750\.m2\repository\org\eclipse\angus\angus-activation\2.0.2\angus-activation-2.0.2.jar;C:\Users\2731750\.m2\repository\org\gl
Launcher Type: SUN_STANDARD

[Global flags]
     intx CICompilerCount                          = 3                                         {product} {ergonomic}
     uint ConcGCThreads                            = 1                                         {product} {ergonomic}
     uint G1ConcRefinementThreads                  = 4                                         {product} {ergonomic}
   size_t G1HeapRegionSize                         = 1048576                                   {product} {ergonomic}
    uintx GCDrainStackTargetSize                   = 64                                        {product} {ergonomic}
   size_t InitialHeapSize                          = 134217728                                 {product} {ergonomic}
   size_t MarkStackSize                            = 4194304                                   {product} {ergonomic}
   size_t MaxHeapSize                              = 2147483648                                {product} {ergonomic}
   size_t MaxNewSize                               = 1287651328                                {product} {ergonomic}
   size_t MinHeapDeltaBytes                        = 1048576                                   {product} {ergonomic}
   size_t MinHeapSize                              = 8388608                                   {product} {ergonomic}
    uintx NonNMethodCodeHeapSize                   = 5832780                                {pd product} {ergonomic}
    uintx NonProfiledCodeHeapSize                  = 122912730                              {pd product} {ergonomic}
    uintx ProfiledCodeHeapSize                     = 122912730                              {pd product} {ergonomic}
    uintx ReservedCodeCacheSize                    = 251658240                              {pd product} {ergonomic}
     bool SegmentedCodeCache                       = true                                      {product} {ergonomic}
     bool ShowCodeDetailsInExceptionMessages       = true                                   {manageable} {command line}
   size_t SoftMaxHeapSize                          = 2147483648                             {manageable} {ergonomic}
     bool UseCompressedClassPointers               = true                           {product lp64_product} {ergonomic}
     bool UseCompressedOops                        = true                           {product lp64_product} {ergonomic}
     bool UseG1GC                                  = true                                      {product} {ergonomic}
     bool UseLargePagesIndividualAllocation        = false                                  {pd product} {ergonomic}

Logging:
Log output configuration:
 #0: stdout all=warning uptime,level,tags
 #1: stderr all=off uptime,level,tags

Environment Variables:
JAVA_HOME=C:\Program Files\OpenLogic\jdk-17.0.12.7-hotspot\
PATH=C:/temp/eclipse-jee//plugins/org.eclipse.justj.openjdk.hotspot.jre.full.win32.x86_64_17.0.1.v20211116-1657/jre/bin/server;C:/temp/eclipse-jee//plugins/org.eclipse.justj.openjdk.hotspot.jre.full.win32.x86_64_17.0.1.v20211116-1657/jre/bin;C:\Program Files\OpenLogic\jdk-17.0.12.7-hotspot\bin;C:\Program Files\Python312\Scripts\;C:\Program Files\Python312\;C:\windows\system32;C:\windows;C:\windows\System32\Wbem;C:\windows\System32\WindowsPowerShell\v1.0\;C:\windows\System32\OpenSSH\;C:\Program Files\Git\cmd;C:\Program Files\TortoiseGit\bin;C:\temp\New folder\tomcat-9.0.72\bin;C:\Program Files\nodejs\;C:\temp\New folder\node_modules\.bin;C:\Program Files\Microsoft VS Code\bin;C:\Users\2731750\AppData\Local\Microsoft\WindowsApps;;C:\temp\eclipse-jee;
USERNAME=2731750
OS=Windows_NT
PROCESSOR_IDENTIFIER=Intel64 Family 6 Model 85 Stepping 7, GenuineIntel



---------------  S Y S T E M  ---------------

OS:
 Windows 10 , 64 bit Build 19041 (10.0.19041.4957)
OS uptime: 3 days 0:56 hours
VMWare virtualization detected

CPU: total 4 (initial active 4) (2 cores per cpu, 1 threads per core) family 6 model 85 stepping 7 microcode 0x5003604, cx8, cmov, fxsr, mmx, 3dnowpref, sse, sse2, sse3, ssse3, sse4.1, sse4.2, popcnt, lzcnt, tsc, tscinvbit, avx, avx2, aes, erms, clmul, bmi1, bmi2, adx, avx512f, avx512dq, avx512cd, avx512bw, avx512vl, fma, vzeroupper, avx512_vnni, clflush, clflushopt, clwb, hv

Memory: 4k page, system-wide physical 8191M (1077M free)
TotalPageFile size 8702M (AvailPageFile size 5M)
current process WorkingSet (physical memory assigned to process): 265M, peak: 265M
current process commit charge ("private bytes"): 370M, peak: 371M

vm_info: OpenJDK 64-Bit Server VM (17.0.1+12) for windows-amd64 JRE (17.0.1+12), built on Oct 20 2021 07:42:55 by "" with MS VC++ 16.7 (VS2019)

END.
