#
# There is insufficient memory for the Java Runtime Environment to continue.
# Native memory allocation (malloc) failed to allocate 525552 bytes for Chunk::new
# Possible reasons:
#   The system is out of physical RAM or swap space
#   The process is running with CompressedOops enabled, and the Java Heap may be blocking the growth of the native heap
# Possible solutions:
#   Reduce memory load on the system
#   Increase physical memory or swap space
#   Check if swap backing store is full
#   Decrease Java heap size (-Xmx/-Xms)
#   Decrease number of Java threads
#   Decrease Java thread stack sizes (-Xss)
#   Set larger code cache with -XX:ReservedCodeCacheSize=
#   JVM is running with Unscaled Compressed Oops mode in which the Java heap is
#     placed in the first 4GB address space. The Java Heap base address is the
#     maximum limit for the native heap growth. Please use -XX:HeapBaseMinAddress
#     to set the Java Heap base and to place the Java Heap above 4GB virtual address.
# This output file may be truncated or incomplete.
#
#  Out of Memory Error (arena.cpp:189), pid=11608, tid=13188
#
# JRE version: OpenJDK Runtime Environment Temurin-17.0.1+12 (17.0.1+12) (build 17.0.1+12)
# Java VM: OpenJDK 64-Bit Server VM Temurin-17.0.1+12 (17.0.1+12, mixed mode, tiered, compressed oops, compressed class ptrs, g1 gc, windows-amd64)
# No core dump will be written. Minidumps are not enabled by default on client versions of Windows
#

---------------  S U M M A R Y ------------

Command Line: -Dfile.encoding=UTF-8 -XX:+ShowCodeDetailsInExceptionMessages com.example.AirlineManagementSystem.AirlineManagementSystemApplication

Host: Intel(R) Xeon(R) Gold 6248R CPU @ 3.00GHz, 4 cores, 7G,  Windows 10 , 64 bit Build 19041 (10.0.19041.4957)
Time: Fri Nov 15 10:23:51 2024 India Standard Time elapsed time: 1.432719 seconds (0d 0h 0m 1s)

---------------  T H R E A D  ---------------

Current thread (0x00000295dfee0dd0):  JavaThread "C2 CompilerThread1" daemon [_thread_in_native, id=13188, stack(0x000000fbaa100000,0x000000fbaa200000)]


Current CompileTask:
C2:   1432 1698   !   4       java.net.URL::<init> (543 bytes)

Stack: [0x000000fbaa100000,0x000000fbaa200000]
Native frames: (J=compiled Java code, j=interpreted, Vv=VM code, C=native code)
V  [jvm.dll+0x6744da]
V  [jvm.dll+0x82e144]
V  [jvm.dll+0x82f8ee]
V  [jvm.dll+0x82ff53]
V  [jvm.dll+0x245175]
V  [jvm.dll+0xab85b]
V  [jvm.dll+0xabdec]
V  [jvm.dll+0x362f07]
V  [jvm.dll+0x1bb698]
V  [jvm.dll+0x218189]
V  [jvm.dll+0x217451]
V  [jvm.dll+0x1a355d]
V  [jvm.dll+0x226e38]
V  [jvm.dll+0x224f7c]
V  [jvm.dll+0x7e3f5b]
V  [jvm.dll+0x7de51a]
V  [jvm.dll+0x673305]
C  [ucrtbase.dll+0x21bb2]
C  [KERNEL32.DLL+0x17374]
C  [ntdll.dll+0x4cc91]


---------------  P R O C E S S  ---------------

Threads class SMR info:
_java_thread_list=0x00000295e192c760, length=16, elements={
0x00000295c51556c0, 0x00000295df05fdc0, 0x00000295df0638f0, 0x00000295df07b450,
0x00000295df0ab010, 0x00000295df0adce0, 0x00000295df0ae5a0, 0x00000295df0af190,
0x00000295dfc5edd0, 0x00000295dfc773a0, 0x00000295dfd9bff0, 0x00000295dfdb8bb0,
0x00000295dfee0dd0, 0x00000295e108bf70, 0x00000295e10c9a60, 0x00000295e192e620
}

Java Threads: ( => current thread )
  0x00000295c51556c0 JavaThread "main" [_thread_blocked, id=1524, stack(0x000000fba8e00000,0x000000fba8f00000)]
  0x00000295df05fdc0 JavaThread "Reference Handler" daemon [_thread_blocked, id=10840, stack(0x000000fba9500000,0x000000fba9600000)]
  0x00000295df0638f0 JavaThread "Finalizer" daemon [_thread_blocked, id=13500, stack(0x000000fba9600000,0x000000fba9700000)]
  0x00000295df07b450 JavaThread "Signal Dispatcher" daemon [_thread_blocked, id=5852, stack(0x000000fba9700000,0x000000fba9800000)]
  0x00000295df0ab010 JavaThread "Attach Listener" daemon [_thread_blocked, id=13992, stack(0x000000fba9800000,0x000000fba9900000)]
  0x00000295df0adce0 JavaThread "Service Thread" daemon [_thread_blocked, id=7488, stack(0x000000fba9900000,0x000000fba9a00000)]
  0x00000295df0ae5a0 JavaThread "Monitor Deflation Thread" daemon [_thread_blocked, id=13784, stack(0x000000fba9a00000,0x000000fba9b00000)]
  0x00000295df0af190 JavaThread "C2 CompilerThread0" daemon [_thread_in_native, id=13852, stack(0x000000fba9b00000,0x000000fba9c00000)]
  0x00000295dfc5edd0 JavaThread "C1 CompilerThread0" daemon [_thread_in_vm, id=11404, stack(0x000000fba9c00000,0x000000fba9d00000)]
  0x00000295dfc773a0 JavaThread "Sweeper thread" daemon [_thread_blocked, id=5784, stack(0x000000fba9d00000,0x000000fba9e00000)]
  0x00000295dfd9bff0 JavaThread "Notification Thread" daemon [_thread_blocked, id=12872, stack(0x000000fba9e00000,0x000000fba9f00000)]
  0x00000295dfdb8bb0 JavaThread "Common-Cleaner" daemon [_thread_blocked, id=9828, stack(0x000000fbaa000000,0x000000fbaa100000)]
=>0x00000295dfee0dd0 JavaThread "C2 CompilerThread1" daemon [_thread_in_native, id=13188, stack(0x000000fbaa100000,0x000000fbaa200000)]
  0x00000295e108bf70 JavaThread "Thread-0" [_thread_blocked, id=7864, stack(0x000000fbaa500000,0x000000fbaa600000)]
  0x00000295e10c9a60 JavaThread "restartedMain" [_thread_in_vm, id=1456, stack(0x000000fbaa600000,0x000000fbaa700000)]
  0x00000295e192e620 JavaThread "background-preinit" [_thread_in_vm, id=6884, stack(0x000000fbaa700000,0x000000fbaa800000)]

Other Threads:
  0x00000295df090610 VMThread "VM Thread" [stack: 0x000000fba9400000,0x000000fba9500000] [id=6576]
  0x00000295dfd9ccd0 WatcherThread [stack: 0x000000fba9f00000,0x000000fbaa000000] [id=9392]
  0x00000295c5192da0 GCTaskThread "GC Thread#0" [stack: 0x000000fba8f00000,0x000000fba9000000] [id=13860]
  0x00000295e0437c60 GCTaskThread "GC Thread#1" [stack: 0x000000fbaa200000,0x000000fbaa300000] [id=5232]
  0x00000295e04c29f0 GCTaskThread "GC Thread#2" [stack: 0x000000fbaa300000,0x000000fbaa400000] [id=12496]
  0x00000295e04c2490 GCTaskThread "GC Thread#3" [stack: 0x000000fbaa400000,0x000000fbaa500000] [id=5280]
  0x00000295c51a3ce0 ConcurrentGCThread "G1 Main Marker" [stack: 0x000000fba9000000,0x000000fba9100000] [id=2356]
  0x00000295c51a46f0 ConcurrentGCThread "G1 Conc#0" [stack: 0x000000fba9100000,0x000000fba9200000] [id=11552]
  0x00000295deed0090 ConcurrentGCThread "G1 Refine#0" [stack: 0x000000fba9200000,0x000000fba9300000] [id=13724]
  0x00000295deed1760 ConcurrentGCThread "G1 Service" [stack: 0x000000fba9300000,0x000000fba9400000] [id=8132]

Threads with active compile tasks:
C2 CompilerThread0     1473 1758       4       jdk.internal.org.objectweb.asm.Frame::execute (2305 bytes)
C1 CompilerThread0     1473 1859       3       sun.util.locale.StringTokenIterator::<init> (41 bytes)
C2 CompilerThread1     1473 1698   !   4       java.net.URL::<init> (543 bytes)

VM state: not at safepoint (normal execution)

VM Mutex/Monitor currently owned by a thread:  ([mutex/lock_event])
[0x00000295c514f1f0] Metaspace_lock - owner thread: 0x00000295e10c9a60
[0x00000295c5150600] MethodData_lock - owner thread: 0x00000295dfc5edd0

Heap address: 0x0000000080000000, size: 2048 MB, Compressed Oops mode: 32-bit

CDS archive(s) not mapped
Compressed class space mapped at: 0x0000000100000000-0x0000000140000000, reserved size: 1073741824
Narrow klass base: 0x0000000000000000, Narrow klass shift: 3, Narrow klass range: 0x140000000

GC Precious Log:
 CPUs: 4 total, 4 available
 Memory: 8191M
 Large Page Support: Disabled
 NUMA Support: Disabled
 Compressed Oops: Enabled (32-bit)
 Heap Region Size: 1M
 Heap Min Capacity: 8M
 Heap Initial Capacity: 128M
 Heap Max Capacity: 2G
 Pre-touch: Disabled
 Parallel Workers: 4
 Concurrent Workers: 1
 Concurrent Refinement Workers: 4
 Periodic GC: Disabled

Heap:
 garbage-first heap   total 131072K, used 50633K [0x0000000080000000, 0x0000000100000000)
  region size 1024K, 46 young (47104K), 1 survivors (1024K)
 Metaspace       used 20583K, committed 20800K, reserved 1073152K
  class space    used 2211K, committed 2368K, reserved 1048576K

Heap Regions: E=young(eden), S=young(survivor), O=old, HS=humongous(starts), HC=humongous(continues), CS=collection set, F=free, OA=open archive, CA=closed archive, TAMS=top-at-mark-start (previous, next)
|   0|0x0000000080000000, 0x0000000080100000, 0x0000000080100000|100%|HS|  |TAMS 0x0000000080000000, 0x0000000080000000| Complete 
|   1|0x0000000080100000, 0x0000000080200000, 0x0000000080200000|100%| O|  |TAMS 0x0000000080100000, 0x0000000080100000| Untracked 
|   2|0x0000000080200000, 0x0000000080300000, 0x0000000080300000|100%| O|  |TAMS 0x0000000080200000, 0x0000000080200000| Untracked 
|   3|0x0000000080300000, 0x0000000080400000, 0x0000000080400000|100%| O|  |TAMS 0x0000000080300000, 0x0000000080300000| Untracked 
|   4|0x0000000080400000, 0x0000000080500000, 0x0000000080500000|100%| O|  |TAMS 0x0000000080400000, 0x0000000080400000| Untracked 
|   5|0x0000000080500000, 0x00000000805c1600, 0x0000000080600000| 75%| O|  |TAMS 0x0000000080500000, 0x0000000080500000| Untracked 
|   6|0x0000000080600000, 0x0000000080600000, 0x0000000080700000|  0%| F|  |TAMS 0x0000000080600000, 0x0000000080600000| Untracked 
|   7|0x0000000080700000, 0x0000000080700000, 0x0000000080800000|  0%| F|  |TAMS 0x0000000080700000, 0x0000000080700000| Untracked 
|   8|0x0000000080800000, 0x0000000080800000, 0x0000000080900000|  0%| F|  |TAMS 0x0000000080800000, 0x0000000080800000| Untracked 
|   9|0x0000000080900000, 0x0000000080900000, 0x0000000080a00000|  0%| F|  |TAMS 0x0000000080900000, 0x0000000080900000| Untracked 
|  10|0x0000000080a00000, 0x0000000080a00000, 0x0000000080b00000|  0%| F|  |TAMS 0x0000000080a00000, 0x0000000080a00000| Untracked 
|  11|0x0000000080b00000, 0x0000000080b00000, 0x0000000080c00000|  0%| F|  |TAMS 0x0000000080b00000, 0x0000000080b00000| Untracked 
|  12|0x0000000080c00000, 0x0000000080c00000, 0x0000000080d00000|  0%| F|  |TAMS 0x0000000080c00000, 0x0000000080c00000| Untracked 
|  13|0x0000000080d00000, 0x0000000080d00000, 0x0000000080e00000|  0%| F|  |TAMS 0x0000000080d00000, 0x0000000080d00000| Untracked 
|  14|0x0000000080e00000, 0x0000000080e00000, 0x0000000080f00000|  0%| F|  |TAMS 0x0000000080e00000, 0x0000000080e00000| Untracked 
|  15|0x0000000080f00000, 0x0000000080f00000, 0x0000000081000000|  0%| F|  |TAMS 0x0000000080f00000, 0x0000000080f00000| Untracked 
|  16|0x0000000081000000, 0x0000000081000000, 0x0000000081100000|  0%| F|  |TAMS 0x0000000081000000, 0x0000000081000000| Untracked 
|  17|0x0000000081100000, 0x0000000081100000, 0x0000000081200000|  0%| F|  |TAMS 0x0000000081100000, 0x0000000081100000| Untracked 
|  18|0x0000000081200000, 0x0000000081200000, 0x0000000081300000|  0%| F|  |TAMS 0x0000000081200000, 0x0000000081200000| Untracked 
|  19|0x0000000081300000, 0x0000000081300000, 0x0000000081400000|  0%| F|  |TAMS 0x0000000081300000, 0x0000000081300000| Untracked 
|  20|0x0000000081400000, 0x0000000081400000, 0x0000000081500000|  0%| F|  |TAMS 0x0000000081400000, 0x0000000081400000| Untracked 
|  21|0x0000000081500000, 0x0000000081500000, 0x0000000081600000|  0%| F|  |TAMS 0x0000000081500000, 0x0000000081500000| Untracked 
|  22|0x0000000081600000, 0x0000000081600000, 0x0000000081700000|  0%| F|  |TAMS 0x0000000081600000, 0x0000000081600000| Untracked 
|  23|0x0000000081700000, 0x0000000081700000, 0x0000000081800000|  0%| F|  |TAMS 0x0000000081700000, 0x0000000081700000| Untracked 
|  24|0x0000000081800000, 0x0000000081800000, 0x0000000081900000|  0%| F|  |TAMS 0x0000000081800000, 0x0000000081800000| Untracked 
|  25|0x0000000081900000, 0x0000000081900000, 0x0000000081a00000|  0%| F|  |TAMS 0x0000000081900000, 0x0000000081900000| Untracked 
|  26|0x0000000081a00000, 0x0000000081a00000, 0x0000000081b00000|  0%| F|  |TAMS 0x0000000081a00000, 0x0000000081a00000| Untracked 
|  27|0x0000000081b00000, 0x0000000081b00000, 0x0000000081c00000|  0%| F|  |TAMS 0x0000000081b00000, 0x0000000081b00000| Untracked 
|  28|0x0000000081c00000, 0x0000000081c00000, 0x0000000081d00000|  0%| F|  |TAMS 0x0000000081c00000, 0x0000000081c00000| Untracked 
|  29|0x0000000081d00000, 0x0000000081d00000, 0x0000000081e00000|  0%| F|  |TAMS 0x0000000081d00000, 0x0000000081d00000| Untracked 
|  30|0x0000000081e00000, 0x0000000081e00000, 0x0000000081f00000|  0%| F|  |TAMS 0x0000000081e00000, 0x0000000081e00000| Untracked 
|  31|0x0000000081f00000, 0x0000000081f00000, 0x0000000082000000|  0%| F|  |TAMS 0x0000000081f00000, 0x0000000081f00000| Untracked 
|  32|0x0000000082000000, 0x0000000082000000, 0x0000000082100000|  0%| F|  |TAMS 0x0000000082000000, 0x0000000082000000| Untracked 
|  33|0x0000000082100000, 0x0000000082100000, 0x0000000082200000|  0%| F|  |TAMS 0x0000000082100000, 0x0000000082100000| Untracked 
|  34|0x0000000082200000, 0x0000000082200000, 0x0000000082300000|  0%| F|  |TAMS 0x0000000082200000, 0x0000000082200000| Untracked 
|  35|0x0000000082300000, 0x0000000082300000, 0x0000000082400000|  0%| F|  |TAMS 0x0000000082300000, 0x0000000082300000| Untracked 
|  36|0x0000000082400000, 0x0000000082400000, 0x0000000082500000|  0%| F|  |TAMS 0x0000000082400000, 0x0000000082400000| Untracked 
|  37|0x0000000082500000, 0x0000000082500000, 0x0000000082600000|  0%| F|  |TAMS 0x0000000082500000, 0x0000000082500000| Untracked 
|  38|0x0000000082600000, 0x0000000082600000, 0x0000000082700000|  0%| F|  |TAMS 0x0000000082600000, 0x0000000082600000| Untracked 
|  39|0x0000000082700000, 0x0000000082700000, 0x0000000082800000|  0%| F|  |TAMS 0x0000000082700000, 0x0000000082700000| Untracked 
|  40|0x0000000082800000, 0x0000000082800000, 0x0000000082900000|  0%| F|  |TAMS 0x0000000082800000, 0x0000000082800000| Untracked 
|  41|0x0000000082900000, 0x0000000082900000, 0x0000000082a00000|  0%| F|  |TAMS 0x0000000082900000, 0x0000000082900000| Untracked 
|  42|0x0000000082a00000, 0x0000000082a00000, 0x0000000082b00000|  0%| F|  |TAMS 0x0000000082a00000, 0x0000000082a00000| Untracked 
|  43|0x0000000082b00000, 0x0000000082b00000, 0x0000000082c00000|  0%| F|  |TAMS 0x0000000082b00000, 0x0000000082b00000| Untracked 
|  44|0x0000000082c00000, 0x0000000082c00000, 0x0000000082d00000|  0%| F|  |TAMS 0x0000000082c00000, 0x0000000082c00000| Untracked 
|  45|0x0000000082d00000, 0x0000000082d00000, 0x0000000082e00000|  0%| F|  |TAMS 0x0000000082d00000, 0x0000000082d00000| Untracked 
|  46|0x0000000082e00000, 0x0000000082e00000, 0x0000000082f00000|  0%| F|  |TAMS 0x0000000082e00000, 0x0000000082e00000| Untracked 
|  47|0x0000000082f00000, 0x0000000082f00000, 0x0000000083000000|  0%| F|  |TAMS 0x0000000082f00000, 0x0000000082f00000| Untracked 
|  48|0x0000000083000000, 0x0000000083000000, 0x0000000083100000|  0%| F|  |TAMS 0x0000000083000000, 0x0000000083000000| Untracked 
|  49|0x0000000083100000, 0x0000000083100000, 0x0000000083200000|  0%| F|  |TAMS 0x0000000083100000, 0x0000000083100000| Untracked 
|  50|0x0000000083200000, 0x0000000083200000, 0x0000000083300000|  0%| F|  |TAMS 0x0000000083200000, 0x0000000083200000| Untracked 
|  51|0x0000000083300000, 0x00000000833b0e70, 0x0000000083400000| 69%| S|CS|TAMS 0x0000000083300000, 0x0000000083300000| Complete 
|  52|0x0000000083400000, 0x0000000083400000, 0x0000000083500000|  0%| F|  |TAMS 0x0000000083400000, 0x0000000083400000| Untracked 
|  53|0x0000000083500000, 0x0000000083500000, 0x0000000083600000|  0%| F|  |TAMS 0x0000000083500000, 0x0000000083500000| Untracked 
|  54|0x0000000083600000, 0x0000000083600000, 0x0000000083700000|  0%| F|  |TAMS 0x0000000083600000, 0x0000000083600000| Untracked 
|  55|0x0000000083700000, 0x0000000083700000, 0x0000000083800000|  0%| F|  |TAMS 0x0000000083700000, 0x0000000083700000| Untracked 
|  56|0x0000000083800000, 0x0000000083800000, 0x0000000083900000|  0%| F|  |TAMS 0x0000000083800000, 0x0000000083800000| Untracked 
|  57|0x0000000083900000, 0x0000000083900000, 0x0000000083a00000|  0%| F|  |TAMS 0x0000000083900000, 0x0000000083900000| Untracked 
|  58|0x0000000083a00000, 0x0000000083a00000, 0x0000000083b00000|  0%| F|  |TAMS 0x0000000083a00000, 0x0000000083a00000| Untracked 
|  59|0x0000000083b00000, 0x0000000083b00000, 0x0000000083c00000|  0%| F|  |TAMS 0x0000000083b00000, 0x0000000083b00000| Untracked 
|  60|0x0000000083c00000, 0x0000000083c00000, 0x0000000083d00000|  0%| F|  |TAMS 0x0000000083c00000, 0x0000000083c00000| Untracked 
|  61|0x0000000083d00000, 0x0000000083d00000, 0x0000000083e00000|  0%| F|  |TAMS 0x0000000083d00000, 0x0000000083d00000| Untracked 
|  62|0x0000000083e00000, 0x0000000083e00000, 0x0000000083f00000|  0%| F|  |TAMS 0x0000000083e00000, 0x0000000083e00000| Untracked 
|  63|0x0000000083f00000, 0x0000000083f00000, 0x0000000084000000|  0%| F|  |TAMS 0x0000000083f00000, 0x0000000083f00000| Untracked 
|  64|0x0000000084000000, 0x0000000084000000, 0x0000000084100000|  0%| F|  |TAMS 0x0000000084000000, 0x0000000084000000| Untracked 
|  65|0x0000000084100000, 0x0000000084100000, 0x0000000084200000|  0%| F|  |TAMS 0x0000000084100000, 0x0000000084100000| Untracked 
|  66|0x0000000084200000, 0x0000000084200000, 0x0000000084300000|  0%| F|  |TAMS 0x0000000084200000, 0x0000000084200000| Untracked 
|  67|0x0000000084300000, 0x0000000084300000, 0x0000000084400000|  0%| F|  |TAMS 0x0000000084300000, 0x0000000084300000| Untracked 
|  68|0x0000000084400000, 0x0000000084400000, 0x0000000084500000|  0%| F|  |TAMS 0x0000000084400000, 0x0000000084400000| Untracked 
|  69|0x0000000084500000, 0x0000000084500000, 0x0000000084600000|  0%| F|  |TAMS 0x0000000084500000, 0x0000000084500000| Untracked 
|  70|0x0000000084600000, 0x0000000084600000, 0x0000000084700000|  0%| F|  |TAMS 0x0000000084600000, 0x0000000084600000| Untracked 
|  71|0x0000000084700000, 0x0000000084700000, 0x0000000084800000|  0%| F|  |TAMS 0x0000000084700000, 0x0000000084700000| Untracked 
|  72|0x0000000084800000, 0x0000000084800000, 0x0000000084900000|  0%| F|  |TAMS 0x0000000084800000, 0x0000000084800000| Untracked 
|  73|0x0000000084900000, 0x0000000084900000, 0x0000000084a00000|  0%| F|  |TAMS 0x0000000084900000, 0x0000000084900000| Untracked 
|  74|0x0000000084a00000, 0x0000000084a00000, 0x0000000084b00000|  0%| F|  |TAMS 0x0000000084a00000, 0x0000000084a00000| Untracked 
|  75|0x0000000084b00000, 0x0000000084b00000, 0x0000000084c00000|  0%| F|  |TAMS 0x0000000084b00000, 0x0000000084b00000| Untracked 
|  76|0x0000000084c00000, 0x0000000084c00000, 0x0000000084d00000|  0%| F|  |TAMS 0x0000000084c00000, 0x0000000084c00000| Untracked 
|  77|0x0000000084d00000, 0x0000000084d00000, 0x0000000084e00000|  0%| F|  |TAMS 0x0000000084d00000, 0x0000000084d00000| Untracked 
|  78|0x0000000084e00000, 0x0000000084e00000, 0x0000000084f00000|  0%| F|  |TAMS 0x0000000084e00000, 0x0000000084e00000| Untracked 
|  79|0x0000000084f00000, 0x0000000084f00000, 0x0000000085000000|  0%| F|  |TAMS 0x0000000084f00000, 0x0000000084f00000| Untracked 
|  80|0x0000000085000000, 0x0000000085000000, 0x0000000085100000|  0%| F|  |TAMS 0x0000000085000000, 0x0000000085000000| Untracked 
|  81|0x0000000085100000, 0x0000000085100000, 0x0000000085200000|  0%| F|  |TAMS 0x0000000085100000, 0x0000000085100000| Untracked 
|  82|0x0000000085200000, 0x0000000085200000, 0x0000000085300000|  0%| F|  |TAMS 0x0000000085200000, 0x0000000085200000| Untracked 
|  83|0x0000000085300000, 0x0000000085380800, 0x0000000085400000| 50%| E|  |TAMS 0x0000000085300000, 0x0000000085300000| Complete 
|  84|0x0000000085400000, 0x0000000085500000, 0x0000000085500000|100%| E|CS|TAMS 0x0000000085400000, 0x0000000085400000| Complete 
|  85|0x0000000085500000, 0x0000000085600000, 0x0000000085600000|100%| E|CS|TAMS 0x0000000085500000, 0x0000000085500000| Complete 
|  86|0x0000000085600000, 0x0000000085700000, 0x0000000085700000|100%| E|CS|TAMS 0x0000000085600000, 0x0000000085600000| Complete 
|  87|0x0000000085700000, 0x0000000085800000, 0x0000000085800000|100%| E|CS|TAMS 0x0000000085700000, 0x0000000085700000| Complete 
|  88|0x0000000085800000, 0x0000000085900000, 0x0000000085900000|100%| E|CS|TAMS 0x0000000085800000, 0x0000000085800000| Complete 
|  89|0x0000000085900000, 0x0000000085a00000, 0x0000000085a00000|100%| E|CS|TAMS 0x0000000085900000, 0x0000000085900000| Complete 
|  90|0x0000000085a00000, 0x0000000085b00000, 0x0000000085b00000|100%| E|CS|TAMS 0x0000000085a00000, 0x0000000085a00000| Complete 
|  91|0x0000000085b00000, 0x0000000085c00000, 0x0000000085c00000|100%| E|CS|TAMS 0x0000000085b00000, 0x0000000085b00000| Complete 
|  92|0x0000000085c00000, 0x0000000085d00000, 0x0000000085d00000|100%| E|CS|TAMS 0x0000000085c00000, 0x0000000085c00000| Complete 
|  93|0x0000000085d00000, 0x0000000085e00000, 0x0000000085e00000|100%| E|CS|TAMS 0x0000000085d00000, 0x0000000085d00000| Complete 
|  94|0x0000000085e00000, 0x0000000085f00000, 0x0000000085f00000|100%| E|CS|TAMS 0x0000000085e00000, 0x0000000085e00000| Complete 
|  95|0x0000000085f00000, 0x0000000086000000, 0x0000000086000000|100%| E|CS|TAMS 0x0000000085f00000, 0x0000000085f00000| Complete 
|  96|0x0000000086000000, 0x0000000086100000, 0x0000000086100000|100%| E|CS|TAMS 0x0000000086000000, 0x0000000086000000| Complete 
|  97|0x0000000086100000, 0x0000000086200000, 0x0000000086200000|100%| E|CS|TAMS 0x0000000086100000, 0x0000000086100000| Complete 
|  98|0x0000000086200000, 0x0000000086300000, 0x0000000086300000|100%| E|CS|TAMS 0x0000000086200000, 0x0000000086200000| Complete 
|  99|0x0000000086300000, 0x0000000086400000, 0x0000000086400000|100%| E|CS|TAMS 0x0000000086300000, 0x0000000086300000| Complete 
| 100|0x0000000086400000, 0x0000000086500000, 0x0000000086500000|100%| E|CS|TAMS 0x0000000086400000, 0x0000000086400000| Complete 
| 101|0x0000000086500000, 0x0000000086600000, 0x0000000086600000|100%| E|CS|TAMS 0x0000000086500000, 0x0000000086500000| Complete 
| 102|0x0000000086600000, 0x0000000086700000, 0x0000000086700000|100%| E|CS|TAMS 0x0000000086600000, 0x0000000086600000| Complete 
| 103|0x0000000086700000, 0x0000000086800000, 0x0000000086800000|100%| E|CS|TAMS 0x0000000086700000, 0x0000000086700000| Complete 
| 104|0x0000000086800000, 0x0000000086900000, 0x0000000086900000|100%| E|CS|TAMS 0x0000000086800000, 0x0000000086800000| Complete 
| 105|0x0000000086900000, 0x0000000086a00000, 0x0000000086a00000|100%| E|CS|TAMS 0x0000000086900000, 0x0000000086900000| Complete 
| 106|0x0000000086a00000, 0x0000000086b00000, 0x0000000086b00000|100%| E|CS|TAMS 0x0000000086a00000, 0x0000000086a00000| Complete 
| 107|0x0000000086b00000, 0x0000000086c00000, 0x0000000086c00000|100%| E|CS|TAMS 0x0000000086b00000, 0x0000000086b00000| Complete 
| 108|0x0000000086c00000, 0x0000000086d00000, 0x0000000086d00000|100%| E|CS|TAMS 0x0000000086c00000, 0x0000000086c00000| Complete 
| 109|0x0000000086d00000, 0x0000000086e00000, 0x0000000086e00000|100%| E|CS|TAMS 0x0000000086d00000, 0x0000000086d00000| Complete 
| 110|0x0000000086e00000, 0x0000000086f00000, 0x0000000086f00000|100%| E|CS|TAMS 0x0000000086e00000, 0x0000000086e00000| Complete 
| 111|0x0000000086f00000, 0x0000000087000000, 0x0000000087000000|100%| E|CS|TAMS 0x0000000086f00000, 0x0000000086f00000| Complete 
| 112|0x0000000087000000, 0x0000000087100000, 0x0000000087100000|100%| E|CS|TAMS 0x0000000087000000, 0x0000000087000000| Complete 
| 113|0x0000000087100000, 0x0000000087200000, 0x0000000087200000|100%| E|CS|TAMS 0x0000000087100000, 0x0000000087100000| Complete 
| 114|0x0000000087200000, 0x0000000087300000, 0x0000000087300000|100%| E|CS|TAMS 0x0000000087200000, 0x0000000087200000| Complete 
| 115|0x0000000087300000, 0x0000000087400000, 0x0000000087400000|100%| E|CS|TAMS 0x0000000087300000, 0x0000000087300000| Complete 
| 116|0x0000000087400000, 0x0000000087500000, 0x0000000087500000|100%| E|CS|TAMS 0x0000000087400000, 0x0000000087400000| Complete 
| 117|0x0000000087500000, 0x0000000087600000, 0x0000000087600000|100%| E|CS|TAMS 0x0000000087500000, 0x0000000087500000| Complete 
| 118|0x0000000087600000, 0x0000000087700000, 0x0000000087700000|100%| E|CS|TAMS 0x0000000087600000, 0x0000000087600000| Complete 
| 119|0x0000000087700000, 0x0000000087800000, 0x0000000087800000|100%| E|CS|TAMS 0x0000000087700000, 0x0000000087700000| Complete 
| 120|0x0000000087800000, 0x0000000087900000, 0x0000000087900000|100%| E|CS|TAMS 0x0000000087800000, 0x0000000087800000| Complete 
| 121|0x0000000087900000, 0x0000000087a00000, 0x0000000087a00000|100%| E|  |TAMS 0x0000000087900000, 0x0000000087900000| Complete 
| 122|0x0000000087a00000, 0x0000000087b00000, 0x0000000087b00000|100%| E|CS|TAMS 0x0000000087a00000, 0x0000000087a00000| Complete 
| 123|0x0000000087b00000, 0x0000000087c00000, 0x0000000087c00000|100%| E|CS|TAMS 0x0000000087b00000, 0x0000000087b00000| Complete 
| 124|0x0000000087c00000, 0x0000000087d00000, 0x0000000087d00000|100%| E|CS|TAMS 0x0000000087c00000, 0x0000000087c00000| Complete 
| 125|0x0000000087d00000, 0x0000000087e00000, 0x0000000087e00000|100%| E|CS|TAMS 0x0000000087d00000, 0x0000000087d00000| Complete 
| 126|0x0000000087e00000, 0x0000000087f00000, 0x0000000087f00000|100%| E|CS|TAMS 0x0000000087e00000, 0x0000000087e00000| Complete 
| 127|0x0000000087f00000, 0x0000000088000000, 0x0000000088000000|100%| E|CS|TAMS 0x0000000087f00000, 0x0000000087f00000| Complete 

Card table byte_map: [0x00000295d8280000,0x00000295d8680000] _byte_map_base: 0x00000295d7e80000

Marking Bits (Prev, Next): (CMBitMap*) 0x00000295c51933b0, (CMBitMap*) 0x00000295c51933f0
 Prev Bits: [0x00000295d8a80000, 0x00000295daa80000)
 Next Bits: [0x00000295daa80000, 0x00000295dca80000)

Polling page: 0x00000295c38e0000

Metaspace:

Usage:
  Non-class:     17.94 MB used.
      Class:      2.16 MB used.
       Both:     20.10 MB used.

Virtual space:
  Non-class space:       24.00 MB reserved,      18.00 MB ( 75%) committed,  3 nodes.
      Class space:        1.00 GB reserved,       2.31 MB ( <1%) committed,  1 nodes.
             Both:        1.02 GB reserved,      20.31 MB (  2%) committed. 

Chunk freelists:
   Non-Class:  1.92 MB
       Class:  1.55 MB
        Both:  3.47 MB

MaxMetaspaceSize: unlimited
CompressedClassSpaceSize: 1.00 GB
Initial GC threshold: 21.00 MB
Current GC threshold: 21.00 MB
CDS: off
MetaspaceReclaimPolicy: balanced
 - commit_granule_bytes: 65536.
 - commit_granule_words: 8192.
 - virtual_space_node_default_size: 1048576.
 - enlarge_chunks_in_place: 1.
 - new_chunks_are_fully_committed: 0.
 - uncommit_free_chunks: 1.
 - use_allocation_guard: 0.
 - handle_deallocations: 1.


Internal statistics:

num_allocs_failed_limit: 0.
num_arena_births: 186.
num_arena_deaths: 0.
num_vsnodes_births: 4.
num_vsnodes_deaths: 0.
num_space_committed: 325.
num_space_uncommitted: 0.
num_chunks_returned_to_freelist: 0.
num_chunks_taken_from_freelist: 574.
num_chunk_merges: 0.
num_chunk_splits: 373.
num_chunks_enlarged: 284.
num_purges: 0.
num_inconsistent_stats: 0.

CodeHeap 'non-profiled nmethods': size=120000Kb used=686Kb max_used=686Kb free=119313Kb
 bounds [0x00000295d0330000, 0x00000295d05a0000, 0x00000295d7860000]
CodeHeap 'profiled nmethods': size=120000Kb used=3417Kb max_used=3417Kb free=116582Kb
 bounds [0x00000295c8e00000, 0x00000295c9160000, 0x00000295d0330000]
CodeHeap 'non-nmethods': size=5760Kb used=1194Kb max_used=1249Kb free=4565Kb
 bounds [0x00000295c8860000, 0x00000295c8ad0000, 0x00000295c8e00000]
 total_blobs=2322 nmethods=1850 adapters=384
 compilation: enabled
              stopped_count=0, restarted_count=0
 full_count=0

Compilation events (20 events):
Event: 1.421 Thread 0x00000295dfc5edd0 1776       3       jdk.internal.loader.AbstractClassLoaderValue::map (20 bytes)
Event: 1.422 Thread 0x00000295dfc5edd0 nmethod 1776 0x00000295c9127590 code [0x00000295c9127740, 0x00000295c9127a08]
Event: 1.423 Thread 0x00000295dfc5edd0 1778       3       org.springframework.util.ConcurrentReferenceHashMap::put (8 bytes)
Event: 1.423 Thread 0x00000295dfc5edd0 nmethod 1778 0x00000295c9127b10 code [0x00000295c9127ca0, 0x00000295c9127de8]
Event: 1.423 Thread 0x00000295dfc5edd0 1779       3       java.util.EnumSet::of (51 bytes)
Event: 1.423 Thread 0x00000295dfc5edd0 nmethod 1779 0x00000295c9127e90 code [0x00000295c9128080, 0x00000295c91284f8]
Event: 1.423 Thread 0x00000295dfc5edd0 1780   !   3       org.springframework.util.ConcurrentReferenceHashMap$Segment::doTask (179 bytes)
Event: 1.424 Thread 0x00000295dfc5edd0 nmethod 1780 0x00000295c9128810 code [0x00000295c9128be0, 0x00000295c912a8c8]
Event: 1.424 Thread 0x00000295dfc5edd0 1781       3       java.util.Arrays::asList (9 bytes)
Event: 1.424 Thread 0x00000295dfc5edd0 nmethod 1781 0x00000295c912b510 code [0x00000295c912b6e0, 0x00000295c912bb68]
Event: 1.424 Thread 0x00000295dfc5edd0 1782       3       java.util.Arrays$ArrayList::<init> (16 bytes)
Event: 1.424 Thread 0x00000295dfc5edd0 nmethod 1782 0x00000295c912bd10 code [0x00000295c912bee0, 0x00000295c912c2c8]
Event: 1.425 Thread 0x00000295dfc5edd0 1783       3       java.util.ArrayList::contains (14 bytes)
Event: 1.425 Thread 0x00000295dfc5edd0 nmethod 1783 0x00000295c912c490 code [0x00000295c912c640, 0x00000295c912c868]
Event: 1.425 Thread 0x00000295dfc5edd0 1784       3       java.util.ArrayList::indexOf (11 bytes)
Event: 1.426 Thread 0x00000295dfc5edd0 nmethod 1784 0x00000295c912c990 code [0x00000295c912cb20, 0x00000295c912cc68]
Event: 1.426 Thread 0x00000295dfc5edd0 1786       3       java.util.ArrayList::indexOfRange (71 bytes)
Event: 1.426 Thread 0x00000295dfc5edd0 nmethod 1786 0x00000295c912cd10 code [0x00000295c912cee0, 0x00000295c912d3a8]
Event: 1.426 Thread 0x00000295dfc5edd0 1785       3       org.springframework.util.StringUtils::hasText (17 bytes)
Event: 1.426 Thread 0x00000295dfc5edd0 nmethod 1785 0x00000295c912d590 code [0x00000295c912d780, 0x00000295c912dc98]

GC Heap History (8 events):
Event: 0.534 GC heap before
{Heap before GC invocations=0 (full 0):
 garbage-first heap   total 131072K, used 13312K [0x0000000080000000, 0x0000000100000000)
  region size 1024K, 13 young (13312K), 0 survivors (0K)
 Metaspace       used 9458K, committed 9600K, reserved 1064960K
  class space    used 831K, committed 896K, reserved 1048576K
}
Event: 0.538 GC heap after
{Heap after GC invocations=1 (full 0):
 garbage-first heap   total 131072K, used 6016K [0x0000000080000000, 0x0000000100000000)
  region size 1024K, 2 young (2048K), 2 survivors (2048K)
 Metaspace       used 9458K, committed 9600K, reserved 1064960K
  class space    used 831K, committed 896K, reserved 1048576K
}
Event: 0.698 GC heap before
{Heap before GC invocations=1 (full 0):
 garbage-first heap   total 131072K, used 18304K [0x0000000080000000, 0x0000000100000000)
  region size 1024K, 15 young (15360K), 2 survivors (2048K)
 Metaspace       used 11609K, committed 11776K, reserved 1064960K
  class space    used 1121K, committed 1216K, reserved 1048576K
}
Event: 0.701 GC heap after
{Heap after GC invocations=2 (full 0):
 garbage-first heap   total 131072K, used 6589K [0x0000000080000000, 0x0000000100000000)
  region size 1024K, 1 young (1024K), 1 survivors (1024K)
 Metaspace       used 11609K, committed 11776K, reserved 1064960K
  class space    used 1121K, committed 1216K, reserved 1048576K
}
Event: 0.716 GC heap before
{Heap before GC invocations=2 (full 0):
 garbage-first heap   total 131072K, used 36285K [0x0000000080000000, 0x0000000100000000)
  region size 1024K, 31 young (31744K), 1 survivors (1024K)
 Metaspace       used 11609K, committed 11776K, reserved 1064960K
  class space    used 1121K, committed 1216K, reserved 1048576K
}
Event: 0.717 GC heap after
{Heap after GC invocations=3 (full 0):
 garbage-first heap   total 131072K, used 6577K [0x0000000080000000, 0x0000000100000000)
  region size 1024K, 1 young (1024K), 1 survivors (1024K)
 Metaspace       used 11609K, committed 11776K, reserved 1064960K
  class space    used 1121K, committed 1216K, reserved 1048576K
}
Event: 0.754 GC heap before
{Heap before GC invocations=3 (full 0):
 garbage-first heap   total 131072K, used 82353K [0x0000000080000000, 0x0000000100000000)
  region size 1024K, 76 young (77824K), 1 survivors (1024K)
 Metaspace       used 11609K, committed 11776K, reserved 1064960K
  class space    used 1121K, committed 1216K, reserved 1048576K
}
Event: 0.755 GC heap after
{Heap after GC invocations=4 (full 0):
 garbage-first heap   total 131072K, used 6601K [0x0000000080000000, 0x0000000100000000)
  region size 1024K, 1 young (1024K), 1 survivors (1024K)
 Metaspace       used 11609K, committed 11776K, reserved 1064960K
  class space    used 1121K, committed 1216K, reserved 1048576K
}

Deoptimization events (20 events):
Event: 1.111 Thread 0x00000295e10c9a60 DEOPT PACKING pc=0x00000295d038d1cc sp=0x000000fbaa6fdb80
Event: 1.111 Thread 0x00000295e10c9a60 DEOPT UNPACKING pc=0x00000295c88b5c23 sp=0x000000fbaa6fdaf8 mode 2
Event: 1.116 Thread 0x00000295e10c9a60 Uncommon trap: trap_request=0xffffffc6 fr.pc=0x00000295d038d1cc relative=0x000000000000046c
Event: 1.116 Thread 0x00000295e10c9a60 Uncommon trap: reason=bimorphic_or_optimized_type_check action=maybe_recompile pc=0x00000295d038d1cc method=java.util.HashMap.getNode(Ljava/lang/Object;)Ljava/util/HashMap$Node; @ 63 c2
Event: 1.116 Thread 0x00000295e10c9a60 DEOPT PACKING pc=0x00000295d038d1cc sp=0x000000fbaa6fdb80
Event: 1.116 Thread 0x00000295e10c9a60 DEOPT UNPACKING pc=0x00000295c88b5c23 sp=0x000000fbaa6fdaf8 mode 2
Event: 1.209 Thread 0x00000295e10c9a60 DEOPT PACKING pc=0x00000295c8edf6f5 sp=0x000000fbaa6fd5b0
Event: 1.209 Thread 0x00000295e10c9a60 DEOPT UNPACKING pc=0x00000295c88b6763 sp=0x000000fbaa6fca38 mode 0
Event: 1.218 Thread 0x00000295e10c9a60 Uncommon trap: trap_request=0xffffff45 fr.pc=0x00000295d039e318 relative=0x0000000000001078
Event: 1.218 Thread 0x00000295e10c9a60 Uncommon trap: reason=unstable_if action=reinterpret pc=0x00000295d039e318 method=java.util.concurrent.ConcurrentHashMap.putVal(Ljava/lang/Object;Ljava/lang/Object;Z)Ljava/lang/Object; @ 148 c2
Event: 1.218 Thread 0x00000295e10c9a60 DEOPT PACKING pc=0x00000295d039e318 sp=0x000000fbaa6fd280
Event: 1.218 Thread 0x00000295e10c9a60 DEOPT UNPACKING pc=0x00000295c88b5c23 sp=0x000000fbaa6fd200 mode 2
Event: 1.236 Thread 0x00000295e10c9a60 DEOPT PACKING pc=0x00000295c8fa2588 sp=0x000000fbaa6f9ab0
Event: 1.236 Thread 0x00000295e10c9a60 DEOPT UNPACKING pc=0x00000295c88b6763 sp=0x000000fbaa6f8fb8 mode 0
Event: 1.301 Thread 0x00000295e10c9a60 DEOPT PACKING pc=0x00000295c8fa2588 sp=0x000000fbaa6fac30
Event: 1.301 Thread 0x00000295e10c9a60 DEOPT UNPACKING pc=0x00000295c88b6763 sp=0x000000fbaa6fa138 mode 0
Event: 1.409 Thread 0x00000295e10c9a60 Uncommon trap: trap_request=0xffffff45 fr.pc=0x00000295d039ce94 relative=0x00000000000002f4
Event: 1.409 Thread 0x00000295e10c9a60 Uncommon trap: reason=unstable_if action=reinterpret pc=0x00000295d039ce94 method=jdk.internal.org.objectweb.asm.SymbolTable.put(Ljdk/internal/org/objectweb/asm/SymbolTable$Entry;)Ljdk/internal/org/objectweb/asm/SymbolTable$Entry; @ 13 c2
Event: 1.409 Thread 0x00000295e10c9a60 DEOPT PACKING pc=0x00000295d039ce94 sp=0x000000fbaa6fc9a0
Event: 1.409 Thread 0x00000295e10c9a60 DEOPT UNPACKING pc=0x00000295c88b5c23 sp=0x000000fbaa6fc920 mode 2

Classes unloaded (0 events):
No events

Classes redefined (0 events):
No events

Internal exceptions (20 events):
Event: 0.998 Thread 0x00000295e10c9a60 Exception <a 'java/lang/NoSuchMethodError'{0x0000000086aae338}: 'java.lang.Object java.lang.invoke.DirectMethodHandle$Holder.invokeSpecial(java.lang.Object, java.lang.Object, java.lang.Object, java.lang.Object, java.lang.Object, java.lang.Object, int)'> (0x0000000086aae338) 
thrown [e:\jenkins\tmp\workspace\build\src\src\hotspot\share\interpreter\linkResolver.cpp, line 766]
Event: 1.000 Thread 0x00000295e10c9a60 Exception <a 'java/lang/NoSuchMethodError'{0x0000000086ab88a0}: 'java.lang.Object java.lang.invoke.DirectMethodHandle$Holder.newInvokeSpecial(java.lang.Object, java.lang.Object, java.lang.Object, java.lang.Object, java.lang.Object, java.lang.Object, int)'> (0x0000000086ab88a0) 
thrown [e:\jenkins\tmp\workspace\build\src\src\hotspot\share\interpreter\linkResolver.cpp, line 766]
Event: 1.001 Thread 0x00000295e10c9a60 Exception <a 'java/lang/NoSuchMethodError'{0x0000000086abd8e0}: 'java.lang.Object java.lang.invoke.DirectMethodHandle$Holder.invokeSpecial(java.lang.Object, java.lang.Object, java.lang.Object, java.lang.Object, java.lang.Object, java.lang.Object, java.lang.Object, int)'> (0x0000000086abd8e0) 
thrown [e:\jenkins\tmp\workspace\build\src\src\hotspot\share\interpreter\linkResolver.cpp, line 766]
Event: 1.029 Thread 0x00000295e10c9a60 Exception <a 'java/lang/NoSuchMethodError'{0x0000000086808c00}: 'int java.lang.invoke.DirectMethodHandle$Holder.invokeInterface(java.lang.Object, java.lang.Object)'> (0x0000000086808c00) 
thrown [e:\jenkins\tmp\workspace\build\src\src\hotspot\share\interpreter\linkResolver.cpp, line 766]
Event: 1.033 Thread 0x00000295e10c9a60 Exception <a 'java/lang/NoSuchMethodError'{0x000000008682f7f8}: 'void java.lang.invoke.DirectMethodHandle$Holder.invokeSpecial(java.lang.Object, java.lang.Object, java.lang.Object, java.lang.Object, java.lang.Object)'> (0x000000008682f7f8) 
thrown [e:\jenkins\tmp\workspace\build\src\src\hotspot\share\interpreter\linkResolver.cpp, line 766]
Event: 1.058 Thread 0x00000295e10c9a60 Exception <a 'java/lang/NoSuchMethodError'{0x00000000867a0020}: 'java.lang.Object java.lang.invoke.DirectMethodHandle$Holder.invokeSpecial(java.lang.Object, java.lang.Object, java.lang.Object, int, java.lang.Object)'> (0x00000000867a0020) 
thrown [e:\jenkins\tmp\workspace\build\src\src\hotspot\share\interpreter\linkResolver.cpp, line 766]
Event: 1.059 Thread 0x00000295e10c9a60 Exception <a 'java/lang/NoSuchMethodError'{0x00000000867a8680}: 'java.lang.Object java.lang.invoke.DirectMethodHandle$Holder.newInvokeSpecial(java.lang.Object, java.lang.Object, java.lang.Object, int, java.lang.Object)'> (0x00000000867a8680) 
thrown [e:\jenkins\tmp\workspace\build\src\src\hotspot\share\interpreter\linkResolver.cpp, line 766]
Event: 1.061 Thread 0x00000295e10c9a60 Exception <a 'java/lang/NoSuchMethodError'{0x00000000867c23a0}: 'java.lang.Object java.lang.invoke.DirectMethodHandle$Holder.newInvokeSpecial(java.lang.Object, int, java.lang.Object)'> (0x00000000867c23a0) 
thrown [e:\jenkins\tmp\workspace\build\src\src\hotspot\share\interpreter\linkResolver.cpp, line 766]
Event: 1.061 Thread 0x00000295e10c9a60 Exception <a 'java/lang/NoSuchMethodError'{0x00000000867c7080}: 'int java.lang.invoke.DirectMethodHandle$Holder.invokeSpecialIFC(java.lang.Object, java.lang.Object, java.lang.Object, java.lang.Object)'> (0x00000000867c7080) 
thrown [e:\jenkins\tmp\workspace\build\src\src\hotspot\share\interpreter\linkResolver.cpp, line 766]
Event: 1.104 Thread 0x00000295e10c9a60 Exception <a 'java/lang/NoSuchMethodError'{0x00000000865a4678}: 'void java.lang.invoke.DirectMethodHandle$Holder.invokeInterface(java.lang.Object, java.lang.Object, java.lang.Object)'> (0x00000000865a4678) 
thrown [e:\jenkins\tmp\workspace\build\src\src\hotspot\share\interpreter\linkResolver.cpp, line 766]
Event: 1.115 Thread 0x00000295e10c9a60 Exception <a 'java/lang/NoSuchMethodError'{0x000000008640cdd8}: 'int java.lang.invoke.DirectMethodHandle$Holder.invokeVirtual(java.lang.Object, java.lang.Object)'> (0x000000008640cdd8) 
thrown [e:\jenkins\tmp\workspace\build\src\src\hotspot\share\interpreter\linkResolver.cpp, line 766]
Event: 1.128 Thread 0x00000295e10c9a60 Exception <a 'java/lang/NoSuchMethodError'{0x000000008647f800}: 'void java.lang.invoke.DirectMethodHandle$Holder.invokeStaticInit(java.lang.Object, java.lang.Object, java.lang.Object)'> (0x000000008647f800) 
thrown [e:\jenkins\tmp\workspace\build\src\src\hotspot\share\interpreter\linkResolver.cpp, line 766]
Event: 1.133 Thread 0x00000295e10c9a60 Exception <a 'java/lang/NoSuchMethodError'{0x00000000864be320}: 'java.lang.Object java.lang.invoke.DirectMethodHandle$Holder.invokeVirtual(java.lang.Object, java.lang.Object, java.lang.Object)'> (0x00000000864be320) 
thrown [e:\jenkins\tmp\workspace\build\src\src\hotspot\share\interpreter\linkResolver.cpp, line 766]
Event: 1.136 Thread 0x00000295e10c9a60 Exception <a 'java/lang/NoSuchMethodError'{0x00000000864d1358}: 'java.lang.Object java.lang.invoke.DirectMethodHandle$Holder.invokeStatic(java.lang.Object, java.lang.Object, long, java.lang.Object)'> (0x00000000864d1358) 
thrown [e:\jenkins\tmp\workspace\build\src\src\hotspot\share\interpreter\linkResolver.cpp, line 766]
Event: 1.136 Thread 0x00000295e10c9a60 Exception <a 'java/lang/NoSuchMethodError'{0x00000000864d4df0}: 'java.lang.Object java.lang.invoke.DirectMethodHandle$Holder.invokeStaticInit(java.lang.Object, java.lang.Object, long, java.lang.Object)'> (0x00000000864d4df0) 
thrown [e:\jenkins\tmp\workspace\build\src\src\hotspot\share\interpreter\linkResolver.cpp, line 766]
Event: 1.137 Thread 0x00000295e10c9a60 Exception <a 'java/lang/NoSuchMethodError'{0x00000000864db538}: 'java.lang.Object java.lang.invoke.DirectMethodHandle$Holder.newInvokeSpecial(java.lang.Object, java.lang.Object, long)'> (0x00000000864db538) 
thrown [e:\jenkins\tmp\workspace\build\src\src\hotspot\share\interpreter\linkResolver.cpp, line 766]
Event: 1.137 Thread 0x00000295e10c9a60 Exception <a 'java/lang/NoSuchMethodError'{0x00000000864df0a8}: 'java.lang.Object java.lang.invoke.Invokers$Holder.linkToTargetMethod(java.lang.Object, long, java.lang.Object)'> (0x00000000864df0a8) 
thrown [e:\jenkins\tmp\workspace\build\src\src\hotspot\share\interpreter\linkResolver.cpp, line 766]
Event: 1.149 Thread 0x00000295e10c9a60 Exception <a 'java/lang/NoSuchMethodError'{0x0000000086345130}: 'void java.lang.invoke.DirectMethodHandle$Holder.invokeVirtual(java.lang.Object, java.lang.Object, java.lang.Object, java.lang.Object)'> (0x0000000086345130) 
thrown [e:\jenkins\tmp\workspace\build\src\src\hotspot\share\interpreter\linkResolver.cpp, line 766]
Event: 1.196 Thread 0x00000295e10c9a60 Exception <a 'java/lang/NoSuchMethodError'{0x00000000862bbea0}: 'void java.lang.invoke.DirectMethodHandle$Holder.invokeSpecial(java.lang.Object, java.lang.Object, java.lang.Object)'> (0x00000000862bbea0) 
thrown [e:\jenkins\tmp\workspace\build\src\src\hotspot\share\interpreter\linkResolver.cpp, line 766]
Event: 1.204 Thread 0x00000295e10c9a60 Exception <a 'java/lang/IncompatibleClassChangeError'{0x00000000862f17d8}: Found class java.lang.Object, but interface was expected> (0x00000000862f17d8) 
thrown [e:\jenkins\tmp\workspace\build\src\src\hotspot\share\interpreter\linkResolver.cpp, line 833]

VM Operations (20 events):
Event: 0.516 Executing VM operation: HandshakeAllThreads
Event: 0.516 Executing VM operation: HandshakeAllThreads done
Event: 0.534 Executing VM operation: G1CollectForAllocation
Event: 0.538 Executing VM operation: G1CollectForAllocation done
Event: 0.698 Executing VM operation: G1CollectForAllocation
Event: 0.701 Executing VM operation: G1CollectForAllocation done
Event: 0.715 Executing VM operation: G1CollectForAllocation
Event: 0.717 Executing VM operation: G1CollectForAllocation done
Event: 0.754 Executing VM operation: G1CollectForAllocation
Event: 0.755 Executing VM operation: G1CollectForAllocation done
Event: 0.856 Executing VM operation: HandshakeAllThreads
Event: 0.856 Executing VM operation: HandshakeAllThreads done
Event: 1.041 Executing VM operation: HandshakeAllThreads
Event: 1.041 Executing VM operation: HandshakeAllThreads done
Event: 1.140 Executing VM operation: ICBufferFull
Event: 1.140 Executing VM operation: ICBufferFull done
Event: 1.193 Executing VM operation: HandshakeAllThreads
Event: 1.193 Executing VM operation: HandshakeAllThreads done
Event: 1.194 Executing VM operation: HandshakeAllThreads
Event: 1.194 Executing VM operation: HandshakeAllThreads done

Events (20 events):
Event: 1.404 loading class java/beans/Transient
Event: 1.405 loading class java/beans/Transient done
Event: 1.405 loading class java/beans/ConstructorProperties
Event: 1.405 loading class java/beans/ConstructorProperties done
Event: 1.405 loading class java/lang/annotation/Repeatable
Event: 1.405 loading class java/lang/annotation/Repeatable done
Event: 1.410 loading class java/io/InvalidObjectException
Event: 1.410 loading class java/io/InvalidObjectException done
Event: 1.412 loading class java/util/concurrent/ConcurrentLinkedQueue
Event: 1.412 loading class java/util/concurrent/ConcurrentLinkedQueue done
Event: 1.412 loading class java/util/concurrent/ConcurrentLinkedQueue$Node
Event: 1.412 loading class java/util/concurrent/ConcurrentLinkedQueue$Node done
Event: 1.414 loading class java/util/concurrent/atomic/AtomicLongArray
Event: 1.414 loading class java/util/concurrent/atomic/AtomicLongArray done
Event: 1.414 loading class java/lang/invoke/VarHandleLongs$Array
Event: 1.414 loading class java/lang/invoke/VarHandleLongs$Array done
Event: 1.415 loading class java/util/concurrent/atomic/AtomicReferenceArray
Event: 1.415 loading class java/util/concurrent/atomic/AtomicReferenceArray done
Event: 1.415 loading class java/lang/invoke/VarHandleReferences$Array
Event: 1.415 loading class java/lang/invoke/VarHandleReferences$Array done


Dynamic libraries:
0x00007ff637220000 - 0x00007ff63722e000 	C:\temp\eclipse-jee\plugins\org.eclipse.justj.openjdk.hotspot.jre.full.win32.x86_64_17.0.1.v20211116-1657\jre\bin\javaw.exe
0x00007ffeb6550000 - 0x00007ffeb6748000 	C:\windows\SYSTEM32\ntdll.dll
0x00007ffeb5750000 - 0x00007ffeb5812000 	C:\windows\System32\KERNEL32.DLL
0x00007ffeb4270000 - 0x00007ffeb456e000 	C:\windows\System32\KERNELBASE.dll
0x00007ffeb4170000 - 0x00007ffeb4270000 	C:\windows\System32\ucrtbase.dll
0x00007ffeae690000 - 0x00007ffeae6a8000 	C:\temp\eclipse-jee\plugins\org.eclipse.justj.openjdk.hotspot.jre.full.win32.x86_64_17.0.1.v20211116-1657\jre\bin\jli.dll
0x00007ffeb4570000 - 0x00007ffeb470d000 	C:\windows\System32\USER32.dll
0x00007ffeb3df0000 - 0x00007ffeb3e12000 	C:\windows\System32\win32u.dll
0x00007ffeb4bb0000 - 0x00007ffeb4bdb000 	C:\windows\System32\GDI32.dll
0x00007ffeb4000000 - 0x00007ffeb4117000 	C:\windows\System32\gdi32full.dll
0x00007ffeb3e20000 - 0x00007ffeb3ebd000 	C:\windows\System32\msvcp_win.dll
0x00007ffeae670000 - 0x00007ffeae689000 	C:\temp\eclipse-jee\plugins\org.eclipse.justj.openjdk.hotspot.jre.full.win32.x86_64_17.0.1.v20211116-1657\jre\bin\VCRUNTIME140.dll
0x00007ffe959f0000 - 0x00007ffe95c8a000 	C:\windows\WinSxS\amd64_microsoft.windows.common-controls_6595b64144ccf1df_6.0.19041.4355_none_60b8b9eb71f62e16\COMCTL32.dll
0x00007ffeb59c0000 - 0x00007ffeb5a5e000 	C:\windows\System32\msvcrt.dll
0x00007ffeb5a60000 - 0x00007ffeb5a8f000 	C:\windows\System32\IMM32.DLL
0x00000295c38f0000 - 0x00000295c3904000 	C:\windows\System32\umppc18721.dll
0x00007ffeb39f0000 - 0x00007ffeb3a26000 	C:\windows\system32\vmwsci.dll
0x00007ffeb6330000 - 0x00007ffeb6338000 	C:\windows\System32\PSAPI.DLL
0x00007ffeae660000 - 0x00007ffeae66c000 	C:\temp\eclipse-jee\plugins\org.eclipse.justj.openjdk.hotspot.jre.full.win32.x86_64_17.0.1.v20211116-1657\jre\bin\vcruntime140_1.dll
0x00007ffe9bea0000 - 0x00007ffe9bf31000 	C:\temp\eclipse-jee\plugins\org.eclipse.justj.openjdk.hotspot.jre.full.win32.x86_64_17.0.1.v20211116-1657\jre\bin\msvcp140.dll
0x00007ffe6cae0000 - 0x00007ffe6d726000 	C:\temp\eclipse-jee\plugins\org.eclipse.justj.openjdk.hotspot.jre.full.win32.x86_64_17.0.1.v20211116-1657\jre\bin\server\jvm.dll
0x00007ffeb5690000 - 0x00007ffeb5742000 	C:\windows\System32\ADVAPI32.dll
0x00007ffeb55f0000 - 0x00007ffeb5690000 	C:\windows\System32\sechost.dll
0x00007ffeb5350000 - 0x00007ffeb5473000 	C:\windows\System32\RPCRT4.dll
0x00007ffeb3dc0000 - 0x00007ffeb3de7000 	C:\windows\System32\bcrypt.dll
0x00007ffea5900000 - 0x00007ffea5909000 	C:\windows\SYSTEM32\WSOCK32.dll
0x00007ffeb5820000 - 0x00007ffeb588b000 	C:\windows\System32\WS2_32.dll
0x00007ffea6630000 - 0x00007ffea6657000 	C:\windows\SYSTEM32\WINMM.dll
0x00007ffeb2960000 - 0x00007ffeb296a000 	C:\windows\SYSTEM32\VERSION.dll
0x00007ffeb2920000 - 0x00007ffeb2932000 	C:\windows\SYSTEM32\kernel.appcore.dll
0x00007ffead700000 - 0x00007ffead70a000 	C:\temp\eclipse-jee\plugins\org.eclipse.justj.openjdk.hotspot.jre.full.win32.x86_64_17.0.1.v20211116-1657\jre\bin\jimage.dll
0x00007ffeb1400000 - 0x00007ffeb15e4000 	C:\windows\SYSTEM32\DBGHELP.DLL
0x00007ffea6120000 - 0x00007ffea6154000 	C:\windows\SYSTEM32\dbgcore.DLL
0x00007ffeb3ec0000 - 0x00007ffeb3f42000 	C:\windows\System32\bcryptPrimitives.dll
0x00007ffe80170000 - 0x00007ffe80195000 	C:\temp\eclipse-jee\plugins\org.eclipse.justj.openjdk.hotspot.jre.full.win32.x86_64_17.0.1.v20211116-1657\jre\bin\java.dll
0x00007ffea1d90000 - 0x00007ffea1da8000 	C:\temp\eclipse-jee\plugins\org.eclipse.justj.openjdk.hotspot.jre.full.win32.x86_64_17.0.1.v20211116-1657\jre\bin\zip.dll
0x00007ffeb4be0000 - 0x00007ffeb534f000 	C:\windows\System32\SHELL32.dll
0x00007ffeb2170000 - 0x00007ffeb2914000 	C:\windows\SYSTEM32\windows.storage.dll
0x00007ffeb4850000 - 0x00007ffeb4ba3000 	C:\windows\System32\combase.dll
0x00007ffeb3570000 - 0x00007ffeb359e000 	C:\windows\SYSTEM32\Wldp.dll
0x00007ffeb6440000 - 0x00007ffeb650d000 	C:\windows\System32\OLEAUT32.dll
0x00007ffeb5f00000 - 0x00007ffeb5fad000 	C:\windows\System32\SHCORE.dll
0x00007ffeb6220000 - 0x00007ffeb6275000 	C:\windows\System32\shlwapi.dll
0x00007ffeb3b20000 - 0x00007ffeb3b44000 	C:\windows\SYSTEM32\profapi.dll
0x00007ffe9cab0000 - 0x00007ffe9cac9000 	C:\temp\eclipse-jee\plugins\org.eclipse.justj.openjdk.hotspot.jre.full.win32.x86_64_17.0.1.v20211116-1657\jre\bin\net.dll
0x00007ffead930000 - 0x00007ffeada3d000 	C:\windows\SYSTEM32\WINHTTP.dll
0x00007ffeb32d0000 - 0x00007ffeb333a000 	C:\windows\system32\mswsock.dll
0x00007ffe9bf40000 - 0x00007ffe9bf55000 	C:\temp\eclipse-jee\plugins\org.eclipse.justj.openjdk.hotspot.jre.full.win32.x86_64_17.0.1.v20211116-1657\jre\bin\nio.dll
0x00007ffe9b5c0000 - 0x00007ffe9b5c9000 	C:\temp\eclipse-jee\plugins\org.eclipse.justj.openjdk.hotspot.jre.full.win32.x86_64_17.0.1.v20211116-1657\jre\bin\management.dll
0x00007ffe9b520000 - 0x00007ffe9b52b000 	C:\temp\eclipse-jee\plugins\org.eclipse.justj.openjdk.hotspot.jre.full.win32.x86_64_17.0.1.v20211116-1657\jre\bin\management_ext.dll

dbghelp: loaded successfully - version: 4.0.5 - missing functions: none
symbol engine: initialized successfully - sym options: 0x614 - pdb path: .;C:\temp\eclipse-jee\plugins\org.eclipse.justj.openjdk.hotspot.jre.full.win32.x86_64_17.0.1.v20211116-1657\jre\bin;C:\windows\SYSTEM32;C:\windows\WinSxS\amd64_microsoft.windows.common-controls_6595b64144ccf1df_6.0.19041.4355_none_60b8b9eb71f62e16;C:\temp\eclipse-jee\plugins\org.eclipse.justj.openjdk.hotspot.jre.full.win32.x86_64_17.0.1.v20211116-1657\jre\bin\server

VM Arguments:
jvm_args: -Dfile.encoding=UTF-8 -XX:+ShowCodeDetailsInExceptionMessages 
java_command: com.example.AirlineManagementSystem.AirlineManagementSystemApplication
java_class_path (initial): C:\Users\2731750\Downloads\AirlineManagementSystem\AirlineManagementSystem\target\classes;C:\Users\2731750\.m2\repository\org\springframework\boot\spring-boot-starter-data-jpa\3.3.5\spring-boot-starter-data-jpa-3.3.5.jar;C:\Users\2731750\.m2\repository\org\springframework\boot\spring-boot-starter-aop\3.3.5\spring-boot-starter-aop-3.3.5.jar;C:\Users\2731750\.m2\repository\org\springframework\spring-aop\6.1.14\spring-aop-6.1.14.jar;C:\Users\2731750\.m2\repository\org\aspectj\aspectjweaver\1.9.22.1\aspectjweaver-1.9.22.1.jar;C:\Users\2731750\.m2\repository\org\springframework\boot\spring-boot-starter-jdbc\3.3.5\spring-boot-starter-jdbc-3.3.5.jar;C:\Users\2731750\.m2\repository\com\zaxxer\HikariCP\5.1.0\HikariCP-5.1.0.jar;C:\Users\2731750\.m2\repository\org\springframework\spring-jdbc\6.1.14\spring-jdbc-6.1.14.jar;C:\Users\2731750\.m2\repository\org\hibernate\orm\hibernate-core\6.5.3.Final\hibernate-core-6.5.3.Final.jar;C:\Users\2731750\.m2\repository\jakarta\persistence\jakarta.persistence-api\3.1.0\jakarta.persistence-api-3.1.0.jar;C:\Users\2731750\.m2\repository\jakarta\transaction\jakarta.transaction-api\2.0.1\jakarta.transaction-api-2.0.1.jar;C:\Users\2731750\.m2\repository\org\jboss\logging\jboss-logging\3.5.3.Final\jboss-logging-3.5.3.Final.jar;C:\Users\2731750\.m2\repository\org\hibernate\common\hibernate-commons-annotations\6.0.6.Final\hibernate-commons-annotations-6.0.6.Final.jar;C:\Users\2731750\.m2\repository\io\smallrye\jandex\3.1.2\jandex-3.1.2.jar;C:\Users\2731750\.m2\repository\com\fasterxml\classmate\1.7.0\classmate-1.7.0.jar;C:\Users\2731750\.m2\repository\net\bytebuddy\byte-buddy\1.14.19\byte-buddy-1.14.19.jar;C:\Users\2731750\.m2\repository\org\glassfish\jaxb\jaxb-runtime\4.0.5\jaxb-runtime-4.0.5.jar;C:\Users\2731750\.m2\repository\org\glassfish\jaxb\jaxb-core\4.0.5\jaxb-core-4.0.5.jar;C:\Users\2731750\.m2\repository\org\eclipse\angus\angus-activation\2.0.2\angus-activation-2.0.2.jar;C:\Users\2731750\.m2\repository\org\gl
Launcher Type: SUN_STANDARD

[Global flags]
     intx CICompilerCount                          = 3                                         {product} {ergonomic}
     uint ConcGCThreads                            = 1                                         {product} {ergonomic}
     uint G1ConcRefinementThreads                  = 4                                         {product} {ergonomic}
   size_t G1HeapRegionSize                         = 1048576                                   {product} {ergonomic}
    uintx GCDrainStackTargetSize                   = 64                                        {product} {ergonomic}
   size_t InitialHeapSize                          = 134217728                                 {product} {ergonomic}
   size_t MarkStackSize                            = 4194304                                   {product} {ergonomic}
   size_t MaxHeapSize                              = 2147483648                                {product} {ergonomic}
   size_t MaxNewSize                               = 1287651328                                {product} {ergonomic}
   size_t MinHeapDeltaBytes                        = 1048576                                   {product} {ergonomic}
   size_t MinHeapSize                              = 8388608                                   {product} {ergonomic}
    uintx NonNMethodCodeHeapSize                   = 5832780                                {pd product} {ergonomic}
    uintx NonProfiledCodeHeapSize                  = 122912730                              {pd product} {ergonomic}
    uintx ProfiledCodeHeapSize                     = 122912730                              {pd product} {ergonomic}
    uintx ReservedCodeCacheSize                    = 251658240                              {pd product} {ergonomic}
     bool SegmentedCodeCache                       = true                                      {product} {ergonomic}
     bool ShowCodeDetailsInExceptionMessages       = true                                   {manageable} {command line}
   size_t SoftMaxHeapSize                          = 2147483648                             {manageable} {ergonomic}
     bool UseCompressedClassPointers               = true                           {product lp64_product} {ergonomic}
     bool UseCompressedOops                        = true                           {product lp64_product} {ergonomic}
     bool UseG1GC                                  = true                                      {product} {ergonomic}
     bool UseLargePagesIndividualAllocation        = false                                  {pd product} {ergonomic}

Logging:
Log output configuration:
 #0: stdout all=warning uptime,level,tags
 #1: stderr all=off uptime,level,tags

Environment Variables:
JAVA_HOME=C:\Program Files\OpenLogic\jdk-17.0.12.7-hotspot\
PATH=C:/temp/eclipse-jee//plugins/org.eclipse.justj.openjdk.hotspot.jre.full.win32.x86_64_17.0.1.v20211116-1657/jre/bin/server;C:/temp/eclipse-jee//plugins/org.eclipse.justj.openjdk.hotspot.jre.full.win32.x86_64_17.0.1.v20211116-1657/jre/bin;C:\Program Files\OpenLogic\jdk-17.0.12.7-hotspot\bin;C:\Program Files\Python312\Scripts\;C:\Program Files\Python312\;C:\windows\system32;C:\windows;C:\windows\System32\Wbem;C:\windows\System32\WindowsPowerShell\v1.0\;C:\windows\System32\OpenSSH\;C:\Program Files\Git\cmd;C:\Program Files\TortoiseGit\bin;C:\temp\New folder\tomcat-9.0.72\bin;C:\Program Files\nodejs\;C:\temp\New folder\node_modules\.bin;C:\Program Files\Microsoft VS Code\bin;C:\Users\2731750\AppData\Local\Microsoft\WindowsApps;;C:\temp\eclipse-jee;
USERNAME=2731750
OS=Windows_NT
PROCESSOR_IDENTIFIER=Intel64 Family 6 Model 85 Stepping 7, GenuineIntel



---------------  S Y S T E M  ---------------

OS:
 Windows 10 , 64 bit Build 19041 (10.0.19041.4957)
OS uptime: 3 days 0:56 hours
VMWare virtualization detected

CPU: total 4 (initial active 4) (2 cores per cpu, 1 threads per core) family 6 model 85 stepping 7 microcode 0x5003604, cx8, cmov, fxsr, mmx, 3dnowpref, sse, sse2, sse3, ssse3, sse4.1, sse4.2, popcnt, lzcnt, tsc, tscinvbit, avx, avx2, aes, erms, clmul, bmi1, bmi2, adx, avx512f, avx512dq, avx512cd, avx512bw, avx512vl, fma, vzeroupper, avx512_vnni, clflush, clflushopt, clwb, hv

Memory: 4k page, system-wide physical 8191M (1447M free)
TotalPageFile size 8702M (AvailPageFile size 4M)
current process WorkingSet (physical memory assigned to process): 159M, peak: 159M
current process commit charge ("private bytes"): 238M, peak: 238M

vm_info: OpenJDK 64-Bit Server VM (17.0.1+12) for windows-amd64 JRE (17.0.1+12), built on Oct 20 2021 07:42:55 by "" with MS VC++ 16.7 (VS2019)

END.
